<?xml version="1.0" encoding="UTF-8"?>
<testsuite name="com.boot.cut_costs.controller.AuthenticationControllerTest" tests="1" skipped="0" failures="0" errors="0" timestamp="2017-11-25T23:27:24" hostname="arian-local" time="0.637">
  <properties/>
  <testcase name="testCreate" classname="com.boot.cut_costs.controller.AuthenticationControllerTest" time="0.637"/>
  <system-out><![CDATA[15:27:14.623 [Test worker] DEBUG org.springframework.test.context.junit4.SpringJUnit4ClassRunner - SpringJUnit4ClassRunner constructor called with [class com.boot.cut_costs.controller.AuthenticationControllerTest]
15:27:14.627 [Test worker] DEBUG org.springframework.test.context.BootstrapUtils - Instantiating CacheAwareContextLoaderDelegate from class [org.springframework.test.context.cache.DefaultCacheAwareContextLoaderDelegate]
15:27:14.633 [Test worker] DEBUG org.springframework.test.context.BootstrapUtils - Instantiating BootstrapContext using constructor [public org.springframework.test.context.support.DefaultBootstrapContext(java.lang.Class,org.springframework.test.context.CacheAwareContextLoaderDelegate)]
15:27:14.650 [Test worker] DEBUG org.springframework.test.context.BootstrapUtils - Instantiating TestContextBootstrapper for test class [com.boot.cut_costs.controller.AuthenticationControllerTest] from class [org.springframework.boot.test.context.SpringBootTestContextBootstrapper]
15:27:14.659 [Test worker] INFO org.springframework.boot.test.context.SpringBootTestContextBootstrapper - Neither @ContextConfiguration nor @ContextHierarchy found for test class [com.boot.cut_costs.controller.AuthenticationControllerTest], using SpringBootContextLoader
15:27:14.663 [Test worker] DEBUG org.springframework.test.context.support.AbstractContextLoader - Did not detect default resource location for test class [com.boot.cut_costs.controller.AuthenticationControllerTest]: class path resource [com/boot/cut_costs/controller/AuthenticationControllerTest-context.xml] does not exist
15:27:14.663 [Test worker] DEBUG org.springframework.test.context.support.AbstractContextLoader - Did not detect default resource location for test class [com.boot.cut_costs.controller.AuthenticationControllerTest]: class path resource [com/boot/cut_costs/controller/AuthenticationControllerTestContext.groovy] does not exist
15:27:14.664 [Test worker] INFO org.springframework.test.context.support.AbstractContextLoader - Could not detect default resource locations for test class [com.boot.cut_costs.controller.AuthenticationControllerTest]: no resource found for suffixes {-context.xml, Context.groovy}.
15:27:14.664 [Test worker] INFO org.springframework.test.context.support.AnnotationConfigContextLoaderUtils - Could not detect default configuration classes for test class [com.boot.cut_costs.controller.AuthenticationControllerTest]: AuthenticationControllerTest does not declare any static, non-private, non-final, nested classes annotated with @Configuration.
15:27:14.727 [Test worker] DEBUG org.springframework.core.env.StandardEnvironment - Adding PropertySource 'systemProperties' with lowest search precedence
15:27:14.728 [Test worker] DEBUG org.springframework.core.env.StandardEnvironment - Adding PropertySource 'systemEnvironment' with lowest search precedence
15:27:14.729 [Test worker] DEBUG org.springframework.core.env.StandardEnvironment - Initialized StandardEnvironment with PropertySources [MapPropertySource@1908929857 {name='systemProperties', properties={java.runtime.name=Java(TM) SE Runtime Environment, sun.boot.library.path=/usr/lib/jvm/jdk1.8.0_111/jre/lib/amd64, java.vm.version=25.111-b14, java.vm.vendor=Oracle Corporation, java.vendor.url=http://java.oracle.com/, path.separator=:, java.vm.name=Java HotSpot(TM) 64-Bit Server VM, file.encoding.pkg=sun.io, sun.java.launcher=SUN_STANDARD, user.country=CA, sun.os.patch.level=unknown, java.vm.specification.name=Java Virtual Machine Specification, user.dir=/home/arian/workspace/cut-costs, java.runtime.version=1.8.0_111-b14, java.awt.graphicsenv=sun.awt.X11GraphicsEnvironment, java.endorsed.dirs=/usr/lib/jvm/jdk1.8.0_111/jre/lib/endorsed, os.arch=amd64, java.io.tmpdir=/tmp, line.separator=
, java.vm.specification.vendor=Oracle Corporation, user.variant=, os.name=Linux, sun.jnu.encoding=UTF-8, java.library.path=/usr/java/packages/lib/amd64:/usr/lib64:/lib64:/lib:/usr/lib, java.specification.name=Java Platform API Specification, java.class.version=52.0, org.gradle.native=false, sun.management.compiler=HotSpot 64-Bit Tiered Compilers, os.version=4.4.0-98-generic, user.home=/home/arian, user.timezone=America/Vancouver, java.awt.printerjob=sun.print.PSPrinterJob, file.encoding=UTF-8, java.specification.version=1.8, java.class.path=/home/arian/workspace/cut-costs/build/classes/java/test:/home/arian/workspace/cut-costs/build/resources/test:/home/arian/workspace/cut-costs/build/classes/java/main:/home/arian/workspace/cut-costs/build/resources/main:/home/arian/.gradle/caches/modules-2/files-2.1/org.springframework.boot/spring-boot-starter-data-rest/1.5.8.RELEASE/72990d72d39b3397a131bb1975f80df87e7eb896/spring-boot-starter-data-rest-1.5.8.RELEASE.jar:/home/arian/.gradle/caches/modules-2/files-2.1/org.springframework.boot/spring-boot-starter-web/1.5.8.RELEASE/7e0dc79e3b47be4539ad3c033639133ae6b7a17e/spring-boot-starter-web-1.5.8.RELEASE.jar:/home/arian/.gradle/caches/modules-2/files-2.1/org.springframework.boot/spring-boot-starter-data-jpa/1.5.8.RELEASE/55bb5e8aea5707f79ee9888ad75261a7b7df4654/spring-boot-starter-data-jpa-1.5.8.RELEASE.jar:/home/arian/.gradle/caches/modules-2/files-2.1/mysql/mysql-connector-java/5.1.44/61b6b998192c85bb581c6be90e03dcd4b9079db4/mysql-connector-java-5.1.44.jar:/home/arian/.gradle/caches/modules-2/files-2.1/org.hibernate/hibernate-entitymanager/5.0.12.Final/302a526f5058290e9cbd719a5caf9f248d344719/hibernate-entitymanager-5.0.12.Final.jar:/home/arian/.gradle/caches/modules-2/files-2.1/org.hibernate/hibernate-core/5.0.12.Final/e58bf1c660e6706d8e2cbb53bae110f574366102/hibernate-core-5.0.12.Final.jar:/home/arian/.gradle/caches/modules-2/files-2.1/org.springframework.boot/spring-boot-starter-jersey/1.5.8.RELEASE/a02325b0750bff113e6fe1919080e31ca8c486b0/spring-boot-starter-jersey-1.5.8.RELEASE.jar:/home/arian/.gradle/caches/modules-2/files-2.1/org.glassfish.jersey.containers/jersey-container-servlet/2.25.1/cf5f7a76fcea38158b890ab7a0142d4db709a882/jersey-container-servlet-2.25.1.jar:/home/arian/.gradle/caches/modules-2/files-2.1/org.glassfish.jersey.ext/jersey-spring3/2.25.1/a31bfcd2fcae5beb979d3f41079b6f4020d6fbc9/jersey-spring3-2.25.1.jar:/home/arian/.gradle/caches/modules-2/files-2.1/org.glassfish.jersey.containers/jersey-container-servlet-core/2.25.1/400e30bb035a0cdf3c554530224141ce659a0d1e/jersey-container-servlet-core-2.25.1.jar:/home/arian/.gradle/caches/modules-2/files-2.1/org.glassfish.jersey.ext/jersey-bean-validation/2.25.1/1971927d79cad0ad2b5a3bfda24967748a2023d/jersey-bean-validation-2.25.1.jar:/home/arian/.gradle/caches/modules-2/files-2.1/org.glassfish.jersey.core/jersey-server/2.25.1/276e2ee0fd1cdabf99357fce560c5baab675b1a2/jersey-server-2.25.1.jar:/home/arian/.gradle/caches/modules-2/files-2.1/org.glassfish.jersey.media/jersey-media-json-jackson/2.25.1/19d1e4276eb7b6386640c344d9e5c01eba7eae5d/jersey-media-json-jackson-2.25.1.jar:/home/arian/.gradle/caches/modules-2/files-2.1/org.glassfish.jersey.core/jersey-client/2.25.1/4d563b1f93352ee9fad597e9e1daf2c6159993c6/jersey-client-2.25.1.jar:/home/arian/.gradle/caches/modules-2/files-2.1/org.glassfish.jersey.media/jersey-media-jaxb/2.25.1/d7da0beeed5614a3bfd882662faec602699e24b/jersey-media-jaxb-2.25.1.jar:/home/arian/.gradle/caches/modules-2/files-2.1/org.glassfish.jersey.core/jersey-common/2.25.1/2438ce68d4907046095ab54aa83a6092951b4bbb/jersey-common-2.25.1.jar:/home/arian/.gradle/caches/modules-2/files-2.1/org.glassfish.hk2/hk2/2.5.0-b32/c3accae585955e49c771d464899e906ecc9ffb4/hk2-2.5.0-b32.jar:/home/arian/.gradle/caches/modules-2/files-2.1/org.glassfish.hk2/config-types/2.5.0-b32/686bbe7f80b1b879d64c06bc6606c97721a795f2/config-types-2.5.0-b32.jar:/home/arian/.gradle/caches/modules-2/files-2.1/org.glassfish.hk2/hk2-config/2.5.0-b32/dce05ac4225dbc0c1c382ad02e3b5bee51f0168a/hk2-config-2.5.0-b32.jar:/home/arian/.gradle/caches/modules-2/files-2.1/org.glassfish.hk2/hk2-core/2.5.0-b32/8cb6a8a9522ec523b7740d29f555bdbe9d936af2/hk2-core-2.5.0-b32.jar:/home/arian/.gradle/caches/modules-2/files-2.1/org.glassfish.hk2/hk2-runlevel/2.5.0-b32/60dc979763ea885e796cba4d3e322af8d500ba74/hk2-runlevel-2.5.0-b32.jar:/home/arian/.gradle/caches/modules-2/files-2.1/org.glassfish.hk2/hk2-locator/2.5.0-b32/195474f8ad0a8d130e9ea949a771bcf1215fc33b/hk2-locator-2.5.0-b32.jar:/home/arian/.gradle/caches/modules-2/files-2.1/org.javassist/javassist/3.20.0-GA/a9cbcdfb7e9f86fbc74d3afae65f2248bfbf82a0/javassist-3.20.0-GA.jar:/home/arian/.gradle/caches/modules-2/files-2.1/org.springframework.boot/spring-boot-starter-security/1.5.8.RELEASE/1f143627e30e74244e83223a5a9347c95a2dafbc/spring-boot-starter-security-1.5.8.RELEASE.jar:/home/arian/.gradle/caches/modules-2/files-2.1/org.springframework.security.oauth/spring-security-oauth2/2.0.14.RELEASE/2359228d52ed5307beb8491764bc751ce60064cb/spring-security-oauth2-2.0.14.RELEASE.jar:/home/arian/.gradle/caches/modules-2/files-2.1/org.springframework.boot/spring-boot-configuration-processor/1.5.8.RELEASE/217b7bde102a9c51c51139ea02f0f99f5d34f799/spring-boot-configuration-processor-1.5.8.RELEASE.jar:/home/arian/.gradle/caches/modules-2/files-2.1/io.jsonwebtoken/jjwt/0.7.0/f042fe2676bfdc2091545152e47d77e11999946d/jjwt-0.7.0.jar:/home/arian/.gradle/caches/modules-2/files-2.1/org.springframework.security/spring-security-cas/4.2.3.RELEASE/344e4a170100a53d9b95a6ec3604a1c4c06b2314/spring-security-cas-4.2.3.RELEASE.jar:/home/arian/.gradle/caches/modules-2/files-2.1/org.springframework.security/spring-security-acl/4.2.3.RELEASE/6f163c19a0de8201ceed6f55eb8f34843e510795/spring-security-acl-4.2.3.RELEASE.jar:/home/arian/.gradle/caches/modules-2/files-2.1/bsf/bsf/2.4.0/658f324024bb473c4d15d18b855676fa817353e9/bsf-2.4.0.jar:/home/arian/.gradle/caches/modules-2/files-2.1/org.springframework.boot/spring-boot-starter-batch/1.5.8.RELEASE/2cf58d2e059afb93ce2fba5a39c664ce2916a858/spring-boot-starter-batch-1.5.8.RELEASE.jar:/home/arian/.gradle/caches/modules-2/files-2.1/org.springframework.boot/spring-boot-starter-actuator/1.5.8.RELEASE/927c40a1af518dc240dfdf7aaf0a9673c3a127c5/spring-boot-starter-actuator-1.5.8.RELEASE.jar:/home/arian/.gradle/caches/modules-2/files-2.1/org.springframework.security/spring-security-ldap/4.2.3.RELEASE/90256301d6147e1bc51bb89583f637c8cc39ae6c/spring-security-ldap-4.2.3.RELEASE.jar:/home/arian/.gradle/caches/modules-2/files-2.1/javax.jdo/jdo-api/3.0.1/58e7a538e020b73871e232eeb064835fd98a492/jdo-api-3.0.1.jar:/home/arian/.gradle/caches/modules-2/files-2.1/com.querydsl/querydsl-core/4.1.4/5a5c4064169db7d56f63edd81f64de00d3add197/querydsl-core-4.1.4.jar:/home/arian/.gradle/caches/modules-2/files-2.1/org.springframework/springloaded/1.2.8.RELEASE/b60bac05b0451cdc1863bfec617f39aa0dcaaa43/springloaded-1.2.8.RELEASE.jar:/home/arian/.gradle/caches/modules-2/files-2.1/org.jetbrains.kotlin/kotlin-stdlib/1.0.6/d19acb6ed49b9c48228c0e5dff8071fce23be4b8/kotlin-stdlib-1.0.6.jar:/home/arian/.gradle/caches/modules-2/files-2.1/org.scala-lang/scala-library/2.11.0/aa8f7553253318c468f90ce58a85f94bd1a224eb/scala-library-2.11.0.jar:/home/arian/.gradle/caches/modules-2/files-2.1/commons-validator/commons-validator/1.6/e989d1e87cdd60575df0765ed5bac65c905d7908/commons-validator-1.6.jar:/home/arian/.gradle/caches/modules-2/files-2.1/commons-io/commons-io/2.5/2852e6e05fbb95076fc091f6d1780f1f8fe35e0f/commons-io-2.5.jar:/home/arian/.gradle/caches/modules-2/files-2.1/org.modelmapper/modelmapper/0.7.5/5bef63ad6fa1008d56d27557e4a7f223fb639678/modelmapper-0.7.5.jar:/home/arian/.gradle/caches/modules-2/files-2.1/org.apache.httpcomponents/httpclient/4.5.3/d1577ae15f01ef5438c5afc62162457c00a34713/httpclient-4.5.3.jar:/home/arian/.gradle/caches/modules-2/files-2.1/org.apache.commons/commons-lang3/3.4/5fe28b9518e58819180a43a850fbc0dd24b7c050/commons-lang3-3.4.jar:/home/arian/.gradle/caches/modules-2/files-2.1/org.springframework.boot/spring-boot-starter-test/1.5.8.RELEASE/20b767f594924b32950286f1236ab7d68ff861f9/spring-boot-starter-test-1.5.8.RELEASE.jar:/home/arian/.gradle/caches/modules-2/files-2.1/org.eclipse.jetty.aggregate/jetty-all/9.2.13.v20150730/2c79fea4f8ce99177a775531e2daf260aa61238/jetty-all-9.2.13.v20150730.jar:/home/arian/.gradle/caches/modules-2/files-2.1/org.springframework.boot/spring-boot-starter-data-mongodb/1.5.8.RELEASE/d6a3761c971691e9a70d8bc33c0158dcf8f06fcf/spring-boot-starter-data-mongodb-1.5.8.RELEASE.jar:/home/arian/.gradle/caches/modules-2/files-2.1/com.h2database/h2/1.4.196/dd0034398d593aa3588c6773faac429bbd9aea0e/h2-1.4.196.jar:/home/arian/.gradle/caches/modules-2/files-2.1/org.springframework.integration/spring-integration-test/4.3.12.RELEASE/f79ffed1a3ff396f3d7e8603fa27a788d82b96ce/spring-integration-test-4.3.12.RELEASE.jar:/home/arian/.gradle/caches/modules-2/files-2.1/org.springframework.security/spring-security-test/4.2.3.RELEASE/f93339f597290d85a596f25a7841b9109b79ced6/spring-security-test-4.2.3.RELEASE.jar:/home/arian/.gradle/caches/modules-2/files-2.1/org.apache.hadoop/hadoop-core/1.0.0/4b35f11f6fe61f10a6861f4f94751031b989e2fd/hadoop-core-1.0.0.jar:/home/arian/.gradle/caches/modules-2/files-2.1/com.sleepycat/je/5.0.73/af8a905a5266e68f9182a1c67a8533b548f57c6e/je-5.0.73.jar:/home/arian/.gradle/caches/modules-2/files-2.1/commons-dbcp/commons-dbcp/1.4/30be73c965cc990b153a100aaaaafcf239f82d39/commons-dbcp-1.4.jar:/home/arian/.gradle/caches/modules-2/files-2.1/org.springframework.data/spring-data-rest-webmvc/2.6.8.RELEASE/50c58b901f47fb43a9dc8e7073e906d533b0d42/spring-data-rest-webmvc-2.6.8.RELEASE.jar:/home/arian/.gradle/caches/modules-2/files-2.1/org.springframework.data/spring-data-rest-core/2.6.8.RELEASE/8eda1a9722d14838bc76191638ee225619bea085/spring-data-rest-core-2.6.8.RELEASE.jar:/home/arian/.gradle/caches/modules-2/files-2.1/org.springframework.hateoas/spring-hateoas/0.23.0.RELEASE/678ffa0798f417a794fea592dc8066e325611919/spring-hateoas-0.23.0.RELEASE.jar:/home/arian/.gradle/caches/modules-2/files-2.1/org.springframework/spring-webmvc/4.3.12.RELEASE/986e5dcd4435e780f6be64f8185eaa51523cf851/spring-webmvc-4.3.12.RELEASE.jar:/home/arian/.gradle/caches/modules-2/files-2.1/org.springframework.data/spring-data-jpa/1.11.8.RELEASE/d674b8407de3d2998c106557fd6a6665de2bc217/spring-data-jpa-1.11.8.RELEASE.jar:/home/arian/.gradle/caches/modules-2/files-2.1/org.springframework.data/spring-data-mongodb/1.10.8.RELEASE/83142e2629ef0db3abc0b13296c6c7f5d2fa9a59/spring-data-mongodb-1.10.8.RELEASE.jar:/home/arian/.gradle/caches/modules-2/files-2.1/org.springframework.data/spring-data-commons/1.13.8.RELEASE/2853e3c38e02d42529f6c8b247d7bace40c25642/spring-data-commons-1.13.8.RELEASE.jar:/home/arian/.gradle/caches/modules-2/files-2.1/org.springframework.plugin/spring-plugin-core/1.2.0.RELEASE/f380e7760032e7d929184f8ad8a33716b75c0657/spring-plugin-core-1.2.0.RELEASE.jar:/home/arian/.gradle/caches/modules-2/files-2.1/org.springframework/spring-orm/4.3.12.RELEASE/47bbe35a92944aeedf06a388098581272f8db9bd/spring-orm-4.3.12.RELEASE.jar:/home/arian/.gradle/caches/modules-2/files-2.1/junit/junit/4.12/2973d150c0dc1fefe998f834810d68f278ea58ec/junit-4.12.jar:/home/arian/.gradle/caches/modules-2/files-2.1/org.springframework/spring-test/4.3.12.RELEASE/825a7ac1014528db722a6cc94cceaef2410cb314/spring-test-4.3.12.RELEASE.jar:/home/arian/.gradle/caches/modules-2/files-2.1/org.springframework.boot/spring-boot-starter-aop/1.5.8.RELEASE/9bc9a40e0718726ed48f6becc509b2d186f1ebcc/spring-boot-starter-aop-1.5.8.RELEASE.jar:/home/arian/.gradle/caches/modules-2/files-2.1/org.springframework.boot/spring-boot-starter-jdbc/1.5.8.RELEASE/fc98631eba9817c920b9ac1c5845214f49637a33/spring-boot-starter-jdbc-1.5.8.RELEASE.jar:/home/arian/.gradle/caches/modules-2/files-2.1/org.springframework.boot/spring-boot-starter-validation/1.5.8.RELEASE/69aade16cb32a9438375bbdea975a4bc9cfd5048/spring-boot-starter-validation-1.5.8.RELEASE.jar:/home/arian/.gradle/caches/modules-2/files-2.1/org.springframework.boot/spring-boot-starter/1.5.8.RELEASE/18048efe1f06569022a53cc3fb2fe9c0162935a3/spring-boot-starter-1.5.8.RELEASE.jar:/home/arian/.gradle/caches/modules-2/files-2.1/org.springframework.boot/spring-boot-starter-tomcat/1.5.8.RELEASE/cf3b7eb7e192a60ab1dd09e4f8bce82710a5feb0/spring-boot-starter-tomcat-1.5.8.RELEASE.jar:/home/arian/.gradle/caches/modules-2/files-2.1/org.hibernate/hibernate-validator/5.3.5.Final/622a9bcef2eed6d41b5b8e0662c36212009e375/hibernate-validator-5.3.5.Final.jar:/home/arian/.gradle/caches/modules-2/files-2.1/org.springframework.boot/spring-boot-actuator/1.5.8.RELEASE/aac530fe877ed91c92831019755c49f29b08e6/spring-boot-actuator-1.5.8.RELEASE.jar:/home/arian/.gradle/caches/modules-2/files-2.1/com.fasterxml.jackson.jaxrs/jackson-jaxrs-json-provider/2.8.4/839366ece31829a19cb15719b2b54a3f9f91148d/jackson-jaxrs-json-provider-2.8.4.jar:/home/arian/.gradle/caches/modules-2/files-2.1/com.fasterxml.jackson.jaxrs/jackson-jaxrs-base/2.8.4/6c0ceb3c9fed2e225b0cc2a45533574df393f606/jackson-jaxrs-base-2.8.4.jar:/home/arian/.gradle/caches/modules-2/files-2.1/com.fasterxml.jackson.module/jackson-module-jaxb-annotations/2.8.4/d2eec7cf6c4284f7d5f0b1a72dc7cfa9d6bb579d/jackson-module-jaxb-annotations-2.8.4.jar:/home/arian/.gradle/caches/modules-2/files-2.1/com.fasterxml.jackson.core/jackson-databind/2.8.10/f7b83cb2bc4b88d53961e749e1ad32f49ef017b7/jackson-databind-2.8.10.jar:/home/arian/.gradle/caches/modules-2/files-2.1/org.springframework.security/spring-security-web/4.2.3.RELEASE/7a03e737484ca232d7146852f06d067ac21427ac/spring-security-web-4.2.3.RELEASE.jar:/home/arian/.gradle/caches/modules-2/files-2.1/org.springframework/spring-web/4.3.12.RELEASE/86c29588cca74d0fc848b194cb13fcdfd12bc990/spring-web-4.3.12.RELEASE.jar:/home/arian/.gradle/caches/modules-2/files-2.1/javax.transaction/javax.transaction-api/1.2/d81aff979d603edd90dcd8db2abc1f4ce6479e3e/javax.transaction-api-1.2.jar:/home/arian/.gradle/caches/modules-2/files-2.1/org.springframework/spring-aspects/4.3.12.RELEASE/b0002bfdd0d58f09fc178afc5f2d0553ff117840/spring-aspects-4.3.12.RELEASE.jar:/home/arian/.gradle/caches/modules-2/files-2.1/org.springframework.batch/spring-batch-core/3.0.8.RELEASE/5116a8aec6959f869cd78e779a153e2d43084097/spring-batch-core-3.0.8.RELEASE.jar:/home/arian/.gradle/caches/modules-2/files-2.1/org.springframework.security/spring-security-config/4.2.3.RELEASE/9f3771903616e33521836fd999d63efbfebf90d/spring-security-config-4.2.3.RELEASE.jar:/home/arian/.gradle/caches/modules-2/files-2.1/org.springframework.security/spring-security-core/4.2.3.RELEASE/5c0e47a47036c94d6fdd02696bf52be6d1adbd4d/spring-security-core-4.2.3.RELEASE.jar:/home/arian/.gradle/caches/modules-2/files-2.1/org.springframework/spring-messaging/4.3.11.RELEASE/1e99d0fcc51044594c1ffb484b997dcd864241f6/spring-messaging-4.3.11.RELEASE.jar:/home/arian/.gradle/caches/modules-2/files-2.1/org.springframework.boot/spring-boot-test-autoconfigure/1.5.8.RELEASE/a8f986cc4b6ecef1417fe50c20984f12f54d15cc/spring-boot-test-autoconfigure-1.5.8.RELEASE.jar:/home/arian/.gradle/caches/modules-2/files-2.1/org.springframework.boot/spring-boot-test/1.5.8.RELEASE/17dedee86d1a9e9bd409d715fd90650ca1049659/spring-boot-test-1.5.8.RELEASE.jar:/home/arian/.gradle/caches/modules-2/files-2.1/org.springframework.boot/spring-boot-autoconfigure/1.5.8.RELEASE/e4f2efa4c319f4e3613d94fbccfdb5ccda6873e3/spring-boot-autoconfigure-1.5.8.RELEASE.jar:/home/arian/.gradle/caches/modules-2/files-2.1/org.springframework.boot/spring-boot/1.5.8.RELEASE/748ebde51761e12627ad23d064024f342b18f9b4/spring-boot-1.5.8.RELEASE.jar:/home/arian/.gradle/caches/modules-2/files-2.1/org.glassfish.hk2/spring-bridge/2.5.0-b32/f38ecef23edc769942a95c062efd63541044de42/spring-bridge-2.5.0-b32.jar:/home/arian/.gradle/caches/modules-2/files-2.1/org.springframework.batch/spring-batch-infrastructure/3.0.8.RELEASE/da7e2007ac847c7906987c4faa3c899138ab436c/spring-batch-infrastructure-3.0.8.RELEASE.jar:/home/arian/.gradle/caches/modules-2/files-2.1/org.springframework.retry/spring-retry/1.1.0.RELEASE/f7e1ec1fd7c8fcaca490fd298c5b3fe711cb5ed9/spring-retry-1.1.0.RELEASE.jar:/home/arian/.gradle/caches/modules-2/files-2.1/org.springframework/spring-context/4.3.12.RELEASE/5e6d26f36636f36b7efec1d6a0c5991284fbd95b/spring-context-4.3.12.RELEASE.jar:/home/arian/.gradle/caches/modules-2/files-2.1/org.springframework/spring-aop/4.3.12.RELEASE/b3fef085902993c2ef874c45c7bfd79296d5a5a4/spring-aop-4.3.12.RELEASE.jar:/home/arian/.gradle/caches/modules-2/files-2.1/org.springframework/spring-jdbc/4.3.12.RELEASE/5c840abbdc1a1dfd0f79c4a4c25eac0c98e6af22/spring-jdbc-4.3.12.RELEASE.jar:/home/arian/.gradle/caches/modules-2/files-2.1/org.springframework/spring-tx/4.3.12.RELEASE/7147b6839b2bf9db3621b79c73b4dddbe69572b6/spring-tx-4.3.12.RELEASE.jar:/home/arian/.gradle/caches/modules-2/files-2.1/org.springframework/spring-beans/4.3.12.RELEASE/547dd432d47d0f01d9ccbedc4b705f9f7c1240a/spring-beans-4.3.12.RELEASE.jar:/home/arian/.gradle/caches/modules-2/files-2.1/org.springframework/spring-expression/4.3.12.RELEASE/790f69f6ad7f9da8d4a92c603ad7244c398c8309/spring-expression-4.3.12.RELEASE.jar:/home/arian/.gradle/caches/modules-2/files-2.1/org.springframework/spring-core/4.3.12.RELEASE/4cebc69478c6d350dbd5af28e3db7d5694f416e3/spring-core-4.3.12.RELEASE.jar:/home/arian/.gradle/caches/modules-2/files-2.1/net.java.dev.jets3t/jets3t/0.7.1/2d10b62398360c674b4039ea4f2d1c697f46f6cd/jets3t-0.7.1.jar:/home/arian/.gradle/caches/modules-2/files-2.1/commons-httpclient/commons-httpclient/3.1/964cd74171f427720480efdec40a7c7f6e58426a/commons-httpclient-3.1.jar:/home/arian/.gradle/caches/modules-2/files-2.1/commons-codec/commons-codec/1.9/9ce04e34240f674bc72680f8b843b1457383161a/commons-codec-1.9.jar:/home/arian/.gradle/caches/modules-2/files-2.1/org.codehaus.jackson/jackson-mapper-asl/1.9.13/1ee2f2bed0e5dd29d1cb155a166e6f8d50bbddb7/jackson-mapper-asl-1.9.13.jar:/home/arian/.gradle/caches/modules-2/files-2.1/org.skyscreamer/jsonassert/1.4.0/9cdbb373a06f6513e51e8c545ee6a5e981463edb/jsonassert-1.4.0.jar:/home/arian/.gradle/caches/modules-2/files-2.1/com.vaadin.external.google/android-json/0.0.20131108.vaadin1/fa26d351fe62a6a17f5cda1287c1c6110dec413f/android-json-0.0.20131108.vaadin1.jar:/home/arian/.gradle/caches/modules-2/files-2.1/org.jasig.cas.client/cas-client-core/3.4.1/a000397061c6c02fd695c706430ccbf439843008/cas-client-core-3.4.1.jar:/home/arian/.gradle/caches/modules-2/files-2.1/aopalliance/aopalliance/1.0/235ba8b489512805ac13a8f9ea77a1ca5ebe3e8/aopalliance-1.0.jar:/home/arian/.gradle/caches/modules-2/files-2.1/commons-configuration/commons-configuration/1.6/32cadde23955d7681b0d94a2715846d20b425235/commons-configuration-1.6.jar:/home/arian/.gradle/caches/modules-2/files-2.1/commons-el/commons-el/1.0/1df2c042b3f2de0124750241ac6c886dbfa2cc2c/commons-el-1.0.jar:/home/arian/.gradle/caches/modules-2/files-2.1/commons-beanutils/commons-beanutils-core/1.8.0/175dc721f87e4bc5cc0573f990e28c3cf9117508/commons-beanutils-core-1.8.0.jar:/home/arian/.gradle/caches/modules-2/files-2.1/commons-digester/commons-digester/1.8.1/3dec9b9c7ea9342d4dbe8c38560080d85b44a015/commons-digester-1.8.1.jar:/home/arian/.gradle/caches/modules-2/files-2.1/commons-beanutils/commons-beanutils/1.9.2/7a87d845ad3a155297e8f67d9008f4c1e5656b71/commons-beanutils-1.9.2.jar:/home/arian/.gradle/caches/modules-2/files-2.1/commons-logging/commons-logging/1.2/4bfc12adfe4842bf07b657f0369c4cb522955686/commons-logging-1.2.jar:/home/arian/.gradle/caches/modules-2/files-2.1/org.springframework.ldap/spring-ldap-core/2.2.0.RELEASE/45f2838f37854bbdb868323918ba6783dd3c30cf/spring-ldap-core-2.2.0.RELEASE.jar:/home/arian/.gradle/caches/modules-2/files-2.1/javax.transaction/jta/1.1/2ca09f0b36ca7d71b762e14ea2ff09d5eac57558/jta-1.1.jar:/home/arian/.gradle/caches/modules-2/files-2.1/com.google.guava/guava/18.0/cce0823396aa693798f8882e64213b1772032b09/guava-18.0.jar:/home/arian/.gradle/caches/modules-2/files-2.1/com.google.code.findbugs/jsr305/1.3.9/40719ea6961c0cb6afaeb6a921eaa1f6afd4cfdf/jsr305-1.3.9.jar:/home/arian/.gradle/caches/modules-2/files-2.1/com.mysema.commons/mysema-commons-lang/0.2.4/d09c8489d54251a6c22fbce804bdd4a070557317/mysema-commons-lang-0.2.4.jar:/home/arian/.gradle/caches/modules-2/files-2.1/com.infradna.tool/bridge-method-annotation/1.13/18cdce50cde6f54ee5390d0907384f72183ff0fe/bridge-method-annotation-1.13.jar:/home/arian/.gradle/caches/modules-2/files-2.1/com.fasterxml.jackson.core/jackson-annotations/2.8.10/5e924646d6f893bc9036939c5f2b4ecaee85e5da/jackson-annotations-2.8.10.jar:/home/arian/.gradle/caches/modules-2/files-2.1/org.jetbrains.kotlin/kotlin-runtime/1.0.6/3562c66f648480d3bd4f76cff722488ced13445b/kotlin-runtime-1.0.6.jar:/home/arian/.gradle/caches/modules-2/files-2.1/commons-collections/commons-collections/3.2.2/8ad72fe39fa8c91eaaf12aadb21e0c3661fe26d5/commons-collections-3.2.2.jar:/home/arian/.gradle/caches/modules-2/files-2.1/org.apache.httpcomponents/httpcore/4.4.6/e3fd8ced1f52c7574af952e2e6da0df8df08eb82/httpcore-4.4.6.jar:/home/arian/.gradle/caches/modules-2/files-2.1/com.jayway.jsonpath/json-path/2.2.0/22290d17944bd239fabf5ac69005a60a7ecbbbcb/json-path-2.2.0.jar:/home/arian/.gradle/caches/modules-2/files-2.1/org.assertj/assertj-core/2.6.0/b532c3fc4f66bcfee4989a3514f1cd56203a33ad/assertj-core-2.6.0.jar:/home/arian/.gradle/caches/modules-2/files-2.1/org.mockito/mockito-core/1.10.19/e8546f5bef4e061d8dd73895b4e8f40e3fe6effe/mockito-core-1.10.19.jar:/home/arian/.gradle/caches/modules-2/files-2.1/org.hamcrest/hamcrest-library/1.3/4785a3c21320980282f9f33d0d1264a69040538f/hamcrest-library-1.3.jar:/home/arian/.gradle/caches/modules-2/files-2.1/org.hamcrest/hamcrest-core/1.3/42a25dc3219429f0e5d060061f71acb49bf010a0/hamcrest-core-1.3.jar:/home/arian/.gradle/caches/modules-2/files-2.1/javax.websocket/javax.websocket-api/1.0/fc843b649d4a1dcb0497669d262befa3918c7ba8/javax.websocket-api-1.0.jar:/home/arian/.gradle/caches/modules-2/files-2.1/javax.servlet/javax.servlet-api/3.1.0/3cd63d075497751784b2fa84be59432f4905bf7c/javax.servlet-api-3.1.0.jar:/home/arian/.gradle/caches/modules-2/files-2.1/org.mongodb/mongodb-driver/3.4.3/a1c708919fdca8da4a527cb4ea9df30f8db9993b/mongodb-driver-3.4.3.jar:/home/arian/.gradle/caches/modules-2/files-2.1/org.hamcrest/hamcrest-all/1.3/63a21ebc981131004ad02e0434e799fd7f3a8d5a/hamcrest-all-1.3.jar:/home/arian/.gradle/caches/modules-2/files-2.1/commons-cli/commons-cli/1.2/2bf96b7aa8b611c177d329452af1dc933e14501c/commons-cli-1.2.jar:/home/arian/.gradle/caches/modules-2/files-2.1/xmlenc/xmlenc/0.52/d82554efbe65906d83b3d97bd7509289e9db561a/xmlenc-0.52.jar:/home/arian/.gradle/caches/modules-2/files-2.1/org.apache.commons/commons-math/2.1/b3c4bdc2778ddccceb8da2acec3e37bfa41303e9/commons-math-2.1.jar:/home/arian/.gradle/caches/modules-2/files-2.1/commons-net/commons-net/1.4.1/abb932adb2c10790c1eaa4365d3ac2a1ac7cb700/commons-net-1.4.1.jar:/home/arian/.gradle/caches/modules-2/files-2.1/org.mortbay.jetty/jetty/6.1.26/2f546e289fddd5b1fab1d4199fbb6e9ef43ee4b0/jetty-6.1.26.jar:/home/arian/.gradle/caches/modules-2/files-2.1/org.mortbay.jetty/jetty-util/6.1.26/e5642fe0399814e1687d55a3862aa5a3417226a9/jetty-util-6.1.26.jar:/home/arian/.gradle/caches/modules-2/files-2.1/tomcat/jasper-runtime/5.5.12/f3a50a55414655b9843f5a089923ea83d49dc55e/jasper-runtime-5.5.12.jar:/home/arian/.gradle/caches/modules-2/files-2.1/tomcat/jasper-compiler/5.5.12/c594866c64565344c0e7bdc9bf4fee70290c4dd5/jasper-compiler-5.5.12.jar:/home/arian/.gradle/caches/modules-2/files-2.1/org.mortbay.jetty/jsp-2.1/6.1.14/3a1df1e8e0fa56e9a940abbd19bc6f397fce16b5/jsp-2.1-6.1.14.jar:/home/arian/.gradle/caches/modules-2/files-2.1/org.mortbay.jetty/jsp-api-2.1/6.1.14/756b3fac155e31bd0e85545dbf953495e0455c73/jsp-api-2.1-6.1.14.jar:/home/arian/.gradle/caches/modules-2/files-2.1/net.sf.kosmosfs/kfs/0.3/20fcbc065182bdcd706c90a2eb383ae70eb5b223/kfs-0.3.jar:/home/arian/.gradle/caches/modules-2/files-2.1/hsqldb/hsqldb/1.8.0.10/7e9978fdb754bce5fcd5161133e7734ecb683036/hsqldb-1.8.0.10.jar:/home/arian/.gradle/caches/modules-2/files-2.1/oro/oro/2.0.8/5592374f834645c4ae250f4c9fbb314c9369d698/oro-2.0.8.jar:/home/arian/.gradle/caches/modules-2/files-2.1/org.eclipse.jdt/core/3.1.1/88c83ce444cf46d02494da37c9fa1eebc9ce9cea/core-3.1.1.jar:/home/arian/.gradle/caches/modules-2/files-2.1/commons-pool/commons-pool/1.5.4/75b6e20c596ed2945a259cea26d7fadd298398e6/commons-pool-1.5.4.jar:/home/arian/.gradle/caches/modules-2/files-2.1/org.springframework.boot/spring-boot-starter-logging/1.5.8.RELEASE/ebc00a0e46753d90431fdcc5e3d6b9fd3bf1564a/spring-boot-starter-logging-1.5.8.RELEASE.jar:/home/arian/.gradle/caches/modules-2/files-2.1/org.slf4j/jcl-over-slf4j/1.7.25/f8c32b13ff142a513eeb5b6330b1588dcb2c0461/jcl-over-slf4j-1.7.25.jar:/home/arian/.gradle/caches/modules-2/files-2.1/ch.qos.logback/logback-classic/1.1.11/ccedfbacef4a6515d2983e3f89ed753d5d4fb665/logback-classic-1.1.11.jar:/home/arian/.gradle/caches/modules-2/files-2.1/org.slf4j/jul-to-slf4j/1.7.25/af5364cd6679bfffb114f0dec8a157aaa283b76/jul-to-slf4j-1.7.25.jar:/home/arian/.gradle/caches/modules-2/files-2.1/org.slf4j/log4j-over-slf4j/1.7.25/a87bb47468f47ee7aabbd54f93e133d4215769c3/log4j-over-slf4j-1.7.25.jar:/home/arian/.gradle/caches/modules-2/files-2.1/org.slf4j/slf4j-api/1.7.25/da76ca59f6a57ee3102f8f9bd9cee742973efa8a/slf4j-api-1.7.25.jar:/home/arian/.gradle/caches/modules-2/files-2.1/org.atteo/evo-inflector/1.2.2/2551aad98d65ac5464d81fe05f0e1516cfe471c9/evo-inflector-1.2.2.jar:/home/arian/.gradle/caches/modules-2/files-2.1/org.yaml/snakeyaml/1.17/7a27ea250c5130b2922b86dea63cbb1cc10a660c/snakeyaml-1.17.jar:/home/arian/.gradle/caches/modules-2/files-2.1/org.apache.tomcat.embed/tomcat-embed-websocket/8.5.23/52f07abcae10dc7e1764304b0877def175c2c833/tomcat-embed-websocket-8.5.23.jar:/home/arian/.gradle/caches/modules-2/files-2.1/org.apache.tomcat.embed/tomcat-embed-core/8.5.23/79261793a47f507890ee08f749b9d81774e4f7f0/tomcat-embed-core-8.5.23.jar:/home/arian/.gradle/caches/modules-2/files-2.1/org.apache.tomcat.embed/tomcat-embed-el/8.5.23/98d979cde444dffa6d434c8377d0123b2dfa614c/tomcat-embed-el-8.5.23.jar:/home/arian/.gradle/caches/modules-2/files-2.1/javax.validation/validation-api/1.1.0.Final/8613ae82954779d518631e05daa73a6a954817d5/validation-api-1.1.0.Final.jar:/home/arian/.gradle/caches/modules-2/files-2.1/org.hibernate.common/hibernate-commons-annotations/5.0.1.Final/71e1cff3fcb20d3b3af4f3363c3ddb24d33c6879/hibernate-commons-annotations-5.0.1.Final.jar:/home/arian/.gradle/caches/modules-2/files-2.1/org.jboss.logging/jboss-logging/3.3.0.Final/3616bb87707910296e2c195dc016287080bba5af/jboss-logging-3.3.0.Final.jar:/home/arian/.gradle/caches/modules-2/files-2.1/com.fasterxml/classmate/1.3.1/2ad2fd09dcf5607ca96f8ef432096a96986c40a/classmate-1.3.1.jar:/home/arian/.gradle/caches/modules-2/files-2.1/org.aspectj/aspectjweaver/1.8.11/9807e0e13c8a295f15882721db50fa3d142c44a9/aspectjweaver-1.8.11.jar:/home/arian/.gradle/caches/modules-2/files-2.1/org.apache.tomcat/tomcat-jdbc/8.5.23/6036400a8f2d90dd3ae3a4d09e5136c56002887b/tomcat-jdbc-8.5.23.jar:/home/arian/.gradle/caches/modules-2/files-2.1/org.hibernate.javax.persistence/hibernate-jpa-2.1-api/1.0.0.Final/5e731d961297e5a07290bfaf3db1fbc8bbbf405a/hibernate-jpa-2.1-api-1.0.0.Final.jar:/home/arian/.gradle/caches/modules-2/files-2.1/antlr/antlr/2.7.7/83cd2cd674a217ade95a4bb83a8a14f351f48bd0/antlr-2.7.7.jar:/home/arian/.gradle/caches/modules-2/files-2.1/org.jboss/jandex/2.0.0.Final/3e899258936f94649c777193e1be846387ed54b3/jandex-2.0.0.Final.jar:/home/arian/.gradle/caches/modules-2/files-2.1/dom4j/dom4j/1.6.1/5d3ccc056b6f056dbf0dddfdf43894b9065a8f94/dom4j-1.6.1.jar:/home/arian/.gradle/caches/modules-2/files-2.1/com.ibm.jbatch/com.ibm.jbatch-tck-spi/1.0/8ac869b0a60bff1a15eba0fb6398942410396938/com.ibm.jbatch-tck-spi-1.0.jar:/home/arian/.gradle/caches/modules-2/files-2.1/com.thoughtworks.xstream/xstream/1.4.7/bce3282142b63068260f021fcbe48b72e8d71a1a/xstream-1.4.7.jar:/home/arian/.gradle/caches/modules-2/files-2.1/org.codehaus.jettison/jettison/1.2/765a6181653f4b05c18c7a9e8f5c1f8269bf9b2/jettison-1.2.jar:/home/arian/.gradle/caches/modules-2/files-2.1/org.glassfish.jersey.ext/jersey-entity-filtering/2.25.1/4a5805060f796ec2c9bb1ba0ce91c1db6d889524/jersey-entity-filtering-2.25.1.jar:/home/arian/.gradle/caches/modules-2/files-2.1/javax.ws.rs/javax.ws.rs-api/2.0.1/104e9c2b5583cfcfeac0402316221648d6d8ea6b/javax.ws.rs-api-2.0.1.jar:/home/arian/.gradle/caches/modules-2/files-2.1/javax.annotation/javax.annotation-api/1.2/479c1e06db31c432330183f5cae684163f186146/javax.annotation-api-1.2.jar:/home/arian/.gradle/caches/modules-2/files-2.1/org.glassfish.hk2/hk2-api/2.5.0-b32/6a576c9653832ce610b80a2f389374ef19d96171/hk2-api-2.5.0-b32.jar:/home/arian/.gradle/caches/modules-2/files-2.1/org.glassfish.hk2.external/javax.inject/2.5.0-b32/b2fa50c8186a38728c35fe6a9da57ce4cc806923/javax.inject-2.5.0-b32.jar:/home/arian/.gradle/caches/modules-2/files-2.1/net.minidev/json-smart/2.2.1/5b9e5df7a62d1279b70dc882b041d249c4f0b002/json-smart-2.2.1.jar:/home/arian/.gradle/caches/modules-2/files-2.1/org.objenesis/objenesis/2.1/87c0ea803b69252868d09308b4618f766f135a96/objenesis-2.1.jar:/home/arian/.gradle/caches/modules-2/files-2.1/org.mongodb/mongodb-driver-core/3.4.3/c588da4e7b4ac9330e58d4d5b414508ccb14367b/mongodb-driver-core-3.4.3.jar:/home/arian/.gradle/caches/modules-2/files-2.1/org.mongodb/bson/3.4.3/83a9328ce8ffbdf29f4b46b531012427983ad3ec/bson-3.4.3.jar:/home/arian/.gradle/caches/modules-2/files-2.1/commons-lang/commons-lang/2.4/16313e02a793435009f1e458fa4af5d879f6fb11/commons-lang-2.4.jar:/home/arian/.gradle/caches/modules-2/files-2.1/org.mortbay.jetty/servlet-api/2.5-20081211/22bff70037e1e6fa7e6413149489552ee2064702/servlet-api-2.5-20081211.jar:/home/arian/.gradle/caches/modules-2/files-2.1/org.mortbay.jetty/servlet-api-2.5/6.1.14/5f07601ab7d7c85dd9e38a17c0e1b0edfbd4a191/servlet-api-2.5-6.1.14.jar:/home/arian/.gradle/caches/modules-2/files-2.1/ant/ant/1.6.5/7d18faf23df1a5c3a43613952e0e8a182664564b/ant-1.6.5.jar:/home/arian/.gradle/caches/modules-2/files-2.1/org.apache.tomcat/tomcat-annotations-api/8.5.23/aaf17df9fe0240e9e9d5375d24d5f177174b73d9/tomcat-annotations-api-8.5.23.jar:/home/arian/.gradle/caches/modules-2/files-2.1/org.apache.tomcat/tomcat-juli/8.5.23/98e7f0610b7b2fb8303f11be0210e3f5a56a7d55/tomcat-juli-8.5.23.jar:/home/arian/.gradle/caches/modules-2/files-2.1/xml-apis/xml-apis/1.0.b2/3136ca936f64c9d68529f048c2618bd356bf85c9/xml-apis-1.0.b2.jar:/home/arian/.gradle/caches/modules-2/files-2.1/javax.batch/javax.batch-api/1.0/65392d027a6eb369fd9fcd1b75cae150e25ac03c/javax.batch-api-1.0.jar:/home/arian/.gradle/caches/modules-2/files-2.1/xmlpull/xmlpull/1.1.3.1/2b8e230d2ab644e4ecaa94db7cdedbc40c805dfa/xmlpull-1.1.3.1.jar:/home/arian/.gradle/caches/modules-2/files-2.1/xpp3/xpp3_min/1.1.4c/19d4e90b43059058f6e056f794f0ea4030d60b86/xpp3_min-1.1.4c.jar:/home/arian/.gradle/caches/modules-2/files-2.1/org.glassfish.jersey.bundles.repackaged/jersey-guava/2.25.1/a2bb4f8208e134cf2cf71dfb8824e42942f7bd06/jersey-guava-2.25.1.jar:/home/arian/.gradle/caches/modules-2/files-2.1/org.glassfish.hk2/osgi-resource-locator/1.0.1/4ed2b2d4738aed5786cfa64cba5a332779c4c708/osgi-resource-locator-1.0.1.jar:/home/arian/.gradle/caches/modules-2/files-2.1/org.glassfish.hk2/hk2-utils/2.5.0-b32/5108a926988c4ceda7f1e681dddfe3101454a002/hk2-utils-2.5.0-b32.jar:/home/arian/.gradle/caches/modules-2/files-2.1/org.glassfish.hk2.external/aopalliance-repackaged/2.5.0-b32/6af37c3f8ec6f9e9653ec837eb508da28ce443cd/aopalliance-repackaged-2.5.0-b32.jar:/home/arian/.gradle/caches/modules-2/files-2.1/org.glassfish.hk2/class-model/2.5.0-b32/17f054f3e91898c0c0fc52163ad904b13c24e8b/class-model-2.5.0-b32.jar:/home/arian/.gradle/caches/modules-2/files-2.1/com.fasterxml.jackson.core/jackson-core/2.8.10/eb21a035c66ad307e66ec8fce37f5d50fd62d039/jackson-core-2.8.10.jar:/home/arian/.gradle/caches/modules-2/files-2.1/net.minidev/accessors-smart/1.1/a527213f2fea112a04c9bdf0ec0264e34104cd08/accessors-smart-1.1.jar:/home/arian/.gradle/caches/modules-2/files-2.1/ch.qos.logback/logback-core/1.1.11/88b8df40340eed549fb07e2613879bf6b006704d/logback-core-1.1.11.jar:/home/arian/.gradle/caches/modules-2/files-2.1/javax.inject/javax.inject/1/6975da39a7040257bd51d21a231b76c915872d38/javax.inject-1.jar:/home/arian/.gradle/caches/modules-2/files-2.1/org.glassfish.hk2.external/asm-all-repackaged/2.5.0-b32/dc705f1d54cd5a96cbc5a473525e75ef1cb59a9e/asm-all-repackaged-2.5.0-b32.jar:/home/arian/.gradle/caches/modules-2/files-2.1/org.ow2.asm/asm/5.0.3/dcc2193db20e19e1feca8b1240dbbc4e190824fa/asm-5.0.3.jar:/home/arian/.gradle/caches/modules-2/files-2.1/org.codehaus.jackson/jackson-core-asl/1.9.13/3c304d70f42f832e0a86d45bd437f692129299a4/jackson-core-asl-1.9.13.jar, user.name=arian, java.vm.specification.version=1.8, sun.java.command=worker.org.gradle.process.internal.worker.GradleWorkerMain 'Gradle Test Executor 76', java.home=/usr/lib/jvm/jdk1.8.0_111/jre, sun.arch.data.model=64, user.language=en, java.specification.vendor=Oracle Corporation, awt.toolkit=sun.awt.X11.XToolkit, java.vm.info=mixed mode, java.version=1.8.0_111, java.ext.dirs=/usr/lib/jvm/jdk1.8.0_111/jre/lib/ext:/usr/java/packages/lib/ext, sun.boot.class.path=/usr/lib/jvm/jdk1.8.0_111/jre/lib/resources.jar:/usr/lib/jvm/jdk1.8.0_111/jre/lib/rt.jar:/usr/lib/jvm/jdk1.8.0_111/jre/lib/sunrsasign.jar:/usr/lib/jvm/jdk1.8.0_111/jre/lib/jsse.jar:/usr/lib/jvm/jdk1.8.0_111/jre/lib/jce.jar:/usr/lib/jvm/jdk1.8.0_111/jre/lib/charsets.jar:/usr/lib/jvm/jdk1.8.0_111/jre/lib/jfr.jar:/usr/lib/jvm/jdk1.8.0_111/jre/classes, java.vendor=Oracle Corporation, org.gradle.test.worker=76, file.separator=/, java.vendor.url.bug=http://bugreport.sun.com/bugreport/, sun.io.unicode.encoding=UnicodeLittle, sun.cpu.endian=little, sun.desktop=gnome, sun.cpu.isalist=}}, SystemEnvironmentPropertySource@27428840 {name='systemEnvironment', properties={PATH=/home/arian/.sdkman/candidates/gradle/current/bin:/home/arian/bin:/home/arian/.local/bin:/usr/local/sbin:/usr/local/bin:/usr/sbin:/usr/bin:/sbin:/bin:/usr/games:/usr/local/games:/snap/bin:/usr/lib/jvm/java-8-oracle/bin:/usr/lib/jvm/java-8-oracle/db/bin:/usr/lib/jvm/java-8-oracle/jre/bin:/usr/lib/jvm/jdk1.8.0_111/jre/bin:/usr/lib/jvm/jdk1.8.0_111/jre/bin:/usr/lib/jvm/jdk1.8.0_111/jre/bin, XAUTHORITY=/home/arian/.Xauthority, SDKMAN_VERSION=5.5.13+272, XMODIFIERS=@im=ibus, XDG_DATA_DIRS=/usr/share/ubuntu:/usr/share/gnome:/usr/local/share/:/usr/share/:/var/lib/snapd/desktop, GDMSESSION=ubuntu, MANDATORY_PATH=/usr/share/gconf/ubuntu.mandatory.path, GTK_IM_MODULE=ibus, DBUS_SESSION_BUS_ADDRESS=unix:abstract=/tmp/dbus-FToFMEX2A7, DEFAULTS_PATH=/usr/share/gconf/ubuntu.default.path, XDG_CURRENT_DESKTOP=Unity, UPSTART_SESSION=unix:abstract=/com/ubuntu/upstart-session/1000/1070, QT4_IM_MODULE=xim, SDKMAN_DIR=/home/arian/.sdkman, QT_LINUX_ACCESSIBILITY_ALWAYS_ON=1, LOGNAME=arian, JOB=unity-settings-daemon, PWD=/home/arian/workspace/cut-costs, DERBY_HOME=/usr/lib/jvm/java-8-oracle/db, IM_CONFIG_PHASE=1, LANGUAGE=en_CA:en, WINDOWID=58770162, SHELL=/bin/bash, LESSOPEN=| /usr/bin/lesspipe %s, INSTANCE=, GTK2_MODULES=overlay-scrollbar, J2SDKDIR=/usr/lib/jvm/java-8-oracle, OLDPWD=/home/arian/workspace/cut-costs, UPSTART_INSTANCE=, GNOME_DESKTOP_SESSION_ID=this-is-deprecated, GTK_MODULES=gail:atk-bridge:unity-gtk-module, J2REDIR=/usr/lib/jvm/java-8-oracle/jre, CLUTTER_IM_MODULE=xim, XDG_SESSION_PATH=/org/freedesktop/DisplayManager/Session0, COMPIZ_BIN_PATH=/usr/bin/, SESSIONTYPE=gnome-session, XDG_SESSION_DESKTOP=ubuntu, LS_COLORS=rs=0:di=01;34:ln=01;36:mh=00:pi=40;33:so=01;35:do=01;35:bd=40;33;01:cd=40;33;01:or=40;31;01:mi=00:su=37;41:sg=30;43:ca=30;41:tw=30;42:ow=34;42:st=37;44:ex=01;32:*.tar=01;31:*.tgz=01;31:*.arc=01;31:*.arj=01;31:*.taz=01;31:*.lha=01;31:*.lz4=01;31:*.lzh=01;31:*.lzma=01;31:*.tlz=01;31:*.txz=01;31:*.tzo=01;31:*.t7z=01;31:*.zip=01;31:*.z=01;31:*.Z=01;31:*.dz=01;31:*.gz=01;31:*.lrz=01;31:*.lz=01;31:*.lzo=01;31:*.xz=01;31:*.bz2=01;31:*.bz=01;31:*.tbz=01;31:*.tbz2=01;31:*.tz=01;31:*.deb=01;31:*.rpm=01;31:*.jar=01;31:*.war=01;31:*.ear=01;31:*.sar=01;31:*.rar=01;31:*.alz=01;31:*.ace=01;31:*.zoo=01;31:*.cpio=01;31:*.7z=01;31:*.rz=01;31:*.cab=01;31:*.jpg=01;35:*.jpeg=01;35:*.gif=01;35:*.bmp=01;35:*.pbm=01;35:*.pgm=01;35:*.ppm=01;35:*.tga=01;35:*.xbm=01;35:*.xpm=01;35:*.tif=01;35:*.tiff=01;35:*.png=01;35:*.svg=01;35:*.svgz=01;35:*.mng=01;35:*.pcx=01;35:*.mov=01;35:*.mpg=01;35:*.mpeg=01;35:*.m2v=01;35:*.mkv=01;35:*.webm=01;35:*.ogm=01;35:*.mp4=01;35:*.m4v=01;35:*.mp4v=01;35:*.vob=01;35:*.qt=01;35:*.nuv=01;35:*.wmv=01;35:*.asf=01;35:*.rm=01;35:*.rmvb=01;35:*.flc=01;35:*.avi=01;35:*.fli=01;35:*.flv=01;35:*.gl=01;35:*.dl=01;35:*.xcf=01;35:*.xwd=01;35:*.yuv=01;35:*.cgm=01;35:*.emf=01;35:*.ogv=01;35:*.ogx=01;35:*.aac=00;36:*.au=00;36:*.flac=00;36:*.m4a=00;36:*.mid=00;36:*.midi=00;36:*.mka=00;36:*.mp3=00;36:*.mpc=00;36:*.ogg=00;36:*.ra=00;36:*.wav=00;36:*.oga=00;36:*.opus=00;36:*.spx=00;36:*.xspf=00;36:, SDKMAN_CURRENT_API=https://api.sdkman.io/2, SHLVL=1, LESSCLOSE=/usr/bin/lesspipe %s %s, COMPIZ_CONFIG_PROFILE=ubuntu, QT_IM_MODULE=ibus, UPSTART_JOB=unity7, JAVA_HOME=/usr/lib/jvm/jdk1.8.0_111/jre, TERM=xterm-256color, XFILESEARCHPATH=/usr/dt/app-defaults/%L/Dt, XDG_CONFIG_DIRS=/etc/xdg/xdg-ubuntu:/usr/share/upstart/xdg:/etc/xdg, GNOME_KEYRING_CONTROL=, LANG=en_CA.UTF-8, XDG_SEAT_PATH=/org/freedesktop/DisplayManager/Seat0, XDG_SESSION_ID=c1, XDG_SESSION_TYPE=x11, GRADLE_HOME=/home/arian/.sdkman/candidates/gradle/current, DISPLAY=:0, DATABASE_URL=mysql://root:password@localhost:3306/cutcostsdb?useSSL=false, SDKMAN_CANDIDATES_DIR=/home/arian/.sdkman/candidates, _=./gradlew, SDKMAN_LEGACY_API=https://api.sdkman.io/1, GDM_LANG=en_CA, XDG_GREETER_DATA_DIR=/var/lib/lightdm-data/arian, UPSTART_EVENTS=xsession started, CATALINA_HOME=/opt/apache-tomcat, GPG_AGENT_INFO=/home/arian/.gnupg/S.gpg-agent:0:1, DESKTOP_SESSION=ubuntu, SESSION=ubuntu, SDKMAN_PLATFORM=Linux64, USER=arian, VTE_VERSION=4205, QT_ACCESSIBILITY=1, SSH_AUTH_SOCK=/run/user/1000/keyring/ssh, XDG_SEAT=seat0, NLSPATH=/usr/dt/lib/nls/msg/%L/%N.cat, QT_QPA_PLATFORMTHEME=appmenu-qt5, XDG_VTNR=7, XDG_RUNTIME_DIR=/run/user/1000, HOME=/home/arian, GNOME_KEYRING_PID=}}]
15:27:14.750 [Test worker] DEBUG org.springframework.core.io.support.PathMatchingResourcePatternResolver - Resolved classpath location [com/boot/cut_costs/controller/] to resources [URL [file:/home/arian/workspace/cut-costs/build/classes/java/test/com/boot/cut_costs/controller/], URL [file:/home/arian/workspace/cut-costs/build/classes/java/main/com/boot/cut_costs/controller/]]
15:27:14.751 [Test worker] DEBUG org.springframework.core.io.support.PathMatchingResourcePatternResolver - Looking for matching resources in directory tree [/home/arian/workspace/cut-costs/build/classes/java/test/com/boot/cut_costs/controller]
15:27:14.751 [Test worker] DEBUG org.springframework.core.io.support.PathMatchingResourcePatternResolver - Searching directory [/home/arian/workspace/cut-costs/build/classes/java/test/com/boot/cut_costs/controller] for files matching pattern [/home/arian/workspace/cut-costs/build/classes/java/test/com/boot/cut_costs/controller/*.class]
15:27:14.755 [Test worker] DEBUG org.springframework.core.io.support.PathMatchingResourcePatternResolver - Looking for matching resources in directory tree [/home/arian/workspace/cut-costs/build/classes/java/main/com/boot/cut_costs/controller]
15:27:14.755 [Test worker] DEBUG org.springframework.core.io.support.PathMatchingResourcePatternResolver - Searching directory [/home/arian/workspace/cut-costs/build/classes/java/main/com/boot/cut_costs/controller] for files matching pattern [/home/arian/workspace/cut-costs/build/classes/java/main/com/boot/cut_costs/controller/*.class]
15:27:14.756 [Test worker] DEBUG org.springframework.core.io.support.PathMatchingResourcePatternResolver - Resolved location pattern [classpath*:com/boot/cut_costs/controller/*.class] to resources [file [/home/arian/workspace/cut-costs/build/classes/java/test/com/boot/cut_costs/controller/AuthenticationControllerTest.class], file [/home/arian/workspace/cut-costs/build/classes/java/test/com/boot/cut_costs/controller/BaseControllerTest.class], file [/home/arian/workspace/cut-costs/build/classes/java/test/com/boot/cut_costs/controller/ExpenseControllerTest.class], file [/home/arian/workspace/cut-costs/build/classes/java/test/com/boot/cut_costs/controller/GroupControllerTest.class], file [/home/arian/workspace/cut-costs/build/classes/java/test/com/boot/cut_costs/controller/InvitationControllerTest.class], file [/home/arian/workspace/cut-costs/build/classes/java/test/com/boot/cut_costs/controller/ScenarioTest.class], file [/home/arian/workspace/cut-costs/build/classes/java/test/com/boot/cut_costs/controller/UserControllerTest.class], file [/home/arian/workspace/cut-costs/build/classes/java/main/com/boot/cut_costs/controller/AuthenticationController.class], file [/home/arian/workspace/cut-costs/build/classes/java/main/com/boot/cut_costs/controller/ExpenseController.class], file [/home/arian/workspace/cut-costs/build/classes/java/main/com/boot/cut_costs/controller/GroupController.class], file [/home/arian/workspace/cut-costs/build/classes/java/main/com/boot/cut_costs/controller/InvitationController.class], file [/home/arian/workspace/cut-costs/build/classes/java/main/com/boot/cut_costs/controller/UserController.class]]
15:27:14.787 [Test worker] DEBUG org.springframework.core.io.support.PathMatchingResourcePatternResolver - Resolved classpath location [com/boot/cut_costs/] to resources [URL [file:/home/arian/workspace/cut-costs/build/classes/java/test/com/boot/cut_costs/], URL [file:/home/arian/workspace/cut-costs/build/classes/java/main/com/boot/cut_costs/]]
15:27:14.788 [Test worker] DEBUG org.springframework.core.io.support.PathMatchingResourcePatternResolver - Looking for matching resources in directory tree [/home/arian/workspace/cut-costs/build/classes/java/test/com/boot/cut_costs]
15:27:14.788 [Test worker] DEBUG org.springframework.core.io.support.PathMatchingResourcePatternResolver - Searching directory [/home/arian/workspace/cut-costs/build/classes/java/test/com/boot/cut_costs] for files matching pattern [/home/arian/workspace/cut-costs/build/classes/java/test/com/boot/cut_costs/*.class]
15:27:14.788 [Test worker] DEBUG org.springframework.core.io.support.PathMatchingResourcePatternResolver - Looking for matching resources in directory tree [/home/arian/workspace/cut-costs/build/classes/java/main/com/boot/cut_costs]
15:27:14.788 [Test worker] DEBUG org.springframework.core.io.support.PathMatchingResourcePatternResolver - Searching directory [/home/arian/workspace/cut-costs/build/classes/java/main/com/boot/cut_costs] for files matching pattern [/home/arian/workspace/cut-costs/build/classes/java/main/com/boot/cut_costs/*.class]
15:27:14.790 [Test worker] DEBUG org.springframework.core.io.support.PathMatchingResourcePatternResolver - Resolved location pattern [classpath*:com/boot/cut_costs/*.class] to resources [file [/home/arian/workspace/cut-costs/build/classes/java/main/com/boot/cut_costs/App.class], file [/home/arian/workspace/cut-costs/build/classes/java/main/com/boot/cut_costs/AppConfig.class]]
15:27:14.808 [Test worker] DEBUG org.springframework.context.annotation.ClassPathScanningCandidateComponentProvider - Identified candidate component class: file [/home/arian/workspace/cut-costs/build/classes/java/main/com/boot/cut_costs/App.class]
15:27:14.810 [Test worker] INFO org.springframework.boot.test.context.SpringBootTestContextBootstrapper - Found @SpringBootConfiguration com.boot.cut_costs.App for test class com.boot.cut_costs.controller.AuthenticationControllerTest
15:27:14.813 [Test worker] DEBUG org.springframework.boot.test.context.SpringBootTestContextBootstrapper - @TestExecutionListeners is not present for class [com.boot.cut_costs.controller.AuthenticationControllerTest]: using defaults.
15:27:14.816 [Test worker] INFO org.springframework.boot.test.context.SpringBootTestContextBootstrapper - Loaded default TestExecutionListener class names from location [META-INF/spring.factories]: [org.springframework.security.test.context.support.WithSecurityContextTestExecutionListener, org.springframework.test.context.web.ServletTestExecutionListener, org.springframework.test.context.support.DirtiesContextBeforeModesTestExecutionListener, org.springframework.test.context.support.DependencyInjectionTestExecutionListener, org.springframework.test.context.support.DirtiesContextTestExecutionListener, org.springframework.test.context.transaction.TransactionalTestExecutionListener, org.springframework.test.context.jdbc.SqlScriptsTestExecutionListener, org.springframework.boot.test.autoconfigure.restdocs.RestDocsTestExecutionListener, org.springframework.boot.test.autoconfigure.web.client.MockRestServiceServerResetTestExecutionListener, org.springframework.boot.test.autoconfigure.web.servlet.MockMvcPrintOnlyOnFailureTestExecutionListener, org.springframework.boot.test.autoconfigure.web.servlet.WebDriverTestExecutionListener, org.springframework.boot.test.mock.mockito.MockitoTestExecutionListener, org.springframework.boot.test.mock.mockito.ResetMocksTestExecutionListener]
15:27:14.834 [Test worker] INFO org.springframework.boot.test.context.SpringBootTestContextBootstrapper - Using TestExecutionListeners: [org.springframework.test.context.web.ServletTestExecutionListener@454c72fd, org.springframework.test.context.support.DirtiesContextBeforeModesTestExecutionListener@33b93eff, org.springframework.boot.test.autoconfigure.SpringBootDependencyInjectionTestExecutionListener@77934cd1, org.springframework.test.context.support.DirtiesContextTestExecutionListener@4e52175, org.springframework.test.context.transaction.TransactionalTestExecutionListener@2298608e, org.springframework.test.context.jdbc.SqlScriptsTestExecutionListener@582cfce4, org.springframework.security.test.context.support.WithSecurityContextTestExecutionListener@3534c6f4, org.springframework.boot.test.autoconfigure.web.servlet.WebDriverTestExecutionListener@18f7b7ae, org.springframework.boot.test.autoconfigure.web.servlet.MockMvcPrintOnlyOnFailureTestExecutionListener@790a282e, org.springframework.boot.test.autoconfigure.web.client.MockRestServiceServerResetTestExecutionListener@46fe2037, org.springframework.boot.test.autoconfigure.restdocs.RestDocsTestExecutionListener@55ee5d7a, org.springframework.boot.test.mock.mockito.ResetMocksTestExecutionListener@7081caae, org.springframework.boot.test.mock.mockito.MockitoTestExecutionListener@5862c7c8]
15:27:14.836 [Test worker] DEBUG org.springframework.test.annotation.ProfileValueUtils - Retrieved @ProfileValueSourceConfiguration [null] for test class [com.boot.cut_costs.controller.AuthenticationControllerTest]
15:27:14.836 [Test worker] DEBUG org.springframework.test.annotation.ProfileValueUtils - Retrieved ProfileValueSource type [class org.springframework.test.annotation.SystemProfileValueSource] for class [com.boot.cut_costs.controller.AuthenticationControllerTest]
15:27:14.840 [Test worker] DEBUG org.springframework.test.annotation.ProfileValueUtils - Retrieved @ProfileValueSourceConfiguration [null] for test class [com.boot.cut_costs.controller.AuthenticationControllerTest]
15:27:14.840 [Test worker] DEBUG org.springframework.test.annotation.ProfileValueUtils - Retrieved ProfileValueSource type [class org.springframework.test.annotation.SystemProfileValueSource] for class [com.boot.cut_costs.controller.AuthenticationControllerTest]
15:27:14.841 [Test worker] DEBUG org.springframework.test.annotation.ProfileValueUtils - Retrieved @ProfileValueSourceConfiguration [null] for test class [com.boot.cut_costs.controller.AuthenticationControllerTest]
15:27:14.841 [Test worker] DEBUG org.springframework.test.annotation.ProfileValueUtils - Retrieved ProfileValueSource type [class org.springframework.test.annotation.SystemProfileValueSource] for class [com.boot.cut_costs.controller.AuthenticationControllerTest]
15:27:14.843 [Test worker] DEBUG org.springframework.test.context.support.AbstractDirtiesContextTestExecutionListener - Before test class: context [DefaultTestContext@2cf93471 testClass = AuthenticationControllerTest, testInstance = [null], testMethod = [null], testException = [null], mergedContextConfiguration = [WebMergedContextConfiguration@4681d5fd testClass = AuthenticationControllerTest, locations = '{}', classes = '{class com.boot.cut_costs.App}', contextInitializerClasses = '[]', activeProfiles = '{test}', propertySourceLocations = '{}', propertySourceProperties = '{org.springframework.boot.test.context.SpringBootTestContextBootstrapper=true}', contextCustomizers = set[org.springframework.boot.test.autoconfigure.properties.PropertyMappingContextCustomizer@e7e8512, org.springframework.boot.test.autoconfigure.web.servlet.WebDriverContextCustomizerFactory$Customizer@4bdd454d, [ImportsContextCustomizer@27808c94 key = [org.springframework.boot.test.autoconfigure.web.servlet.MockMvcAutoConfiguration, org.springframework.boot.test.autoconfigure.web.servlet.MockMvcSecurityAutoConfiguration, org.springframework.boot.test.autoconfigure.web.servlet.MockMvcWebClientAutoConfiguration, org.springframework.boot.test.autoconfigure.web.servlet.MockMvcWebDriverAutoConfiguration]], org.springframework.boot.test.context.SpringBootTestContextCustomizer@35937b42, org.springframework.boot.test.context.filter.ExcludeFilterContextCustomizer@67ed828b, org.springframework.boot.test.json.DuplicateJsonObjectContextCustomizerFactory$DuplicateJsonObjectContextCustomizer@2fec3064, org.springframework.boot.test.mock.mockito.MockitoContextCustomizer@28f9a820], resourceBasePath = 'src/main/webapp', contextLoader = 'org.springframework.boot.test.context.SpringBootContextLoader', parent = [null]]], class annotated with @DirtiesContext [false] with mode [null].
15:27:14.871 [Test worker] DEBUG org.springframework.test.annotation.ProfileValueUtils - Retrieved @ProfileValueSourceConfiguration [null] for test class [com.boot.cut_costs.controller.AuthenticationControllerTest]
15:27:14.871 [Test worker] DEBUG org.springframework.test.annotation.ProfileValueUtils - Retrieved ProfileValueSource type [class org.springframework.test.annotation.SystemProfileValueSource] for class [com.boot.cut_costs.controller.AuthenticationControllerTest]
15:27:14.928 [Test worker] DEBUG org.springframework.core.env.StandardEnvironment - Adding PropertySource 'systemProperties' with lowest search precedence
15:27:14.928 [Test worker] DEBUG org.springframework.core.env.StandardEnvironment - Adding PropertySource 'systemEnvironment' with lowest search precedence
15:27:14.928 [Test worker] DEBUG org.springframework.core.env.StandardEnvironment - Initialized StandardEnvironment with PropertySources [MapPropertySource@247855257 {name='systemProperties', properties={java.runtime.name=Java(TM) SE Runtime Environment, sun.boot.library.path=/usr/lib/jvm/jdk1.8.0_111/jre/lib/amd64, java.vm.version=25.111-b14, java.vm.vendor=Oracle Corporation, java.vendor.url=http://java.oracle.com/, path.separator=:, java.vm.name=Java HotSpot(TM) 64-Bit Server VM, file.encoding.pkg=sun.io, sun.java.launcher=SUN_STANDARD, user.country=CA, sun.os.patch.level=unknown, java.vm.specification.name=Java Virtual Machine Specification, user.dir=/home/arian/workspace/cut-costs, java.runtime.version=1.8.0_111-b14, java.awt.graphicsenv=sun.awt.X11GraphicsEnvironment, java.endorsed.dirs=/usr/lib/jvm/jdk1.8.0_111/jre/lib/endorsed, os.arch=amd64, java.io.tmpdir=/tmp, line.separator=
, java.vm.specification.vendor=Oracle Corporation, user.variant=, os.name=Linux, sun.jnu.encoding=UTF-8, java.library.path=/usr/java/packages/lib/amd64:/usr/lib64:/lib64:/lib:/usr/lib, java.specification.name=Java Platform API Specification, java.class.version=52.0, org.gradle.native=false, sun.management.compiler=HotSpot 64-Bit Tiered Compilers, os.version=4.4.0-98-generic, user.home=/home/arian, user.timezone=America/Vancouver, java.awt.printerjob=sun.print.PSPrinterJob, file.encoding=UTF-8, java.specification.version=1.8, java.class.path=/home/arian/workspace/cut-costs/build/classes/java/test:/home/arian/workspace/cut-costs/build/resources/test:/home/arian/workspace/cut-costs/build/classes/java/main:/home/arian/workspace/cut-costs/build/resources/main:/home/arian/.gradle/caches/modules-2/files-2.1/org.springframework.boot/spring-boot-starter-data-rest/1.5.8.RELEASE/72990d72d39b3397a131bb1975f80df87e7eb896/spring-boot-starter-data-rest-1.5.8.RELEASE.jar:/home/arian/.gradle/caches/modules-2/files-2.1/org.springframework.boot/spring-boot-starter-web/1.5.8.RELEASE/7e0dc79e3b47be4539ad3c033639133ae6b7a17e/spring-boot-starter-web-1.5.8.RELEASE.jar:/home/arian/.gradle/caches/modules-2/files-2.1/org.springframework.boot/spring-boot-starter-data-jpa/1.5.8.RELEASE/55bb5e8aea5707f79ee9888ad75261a7b7df4654/spring-boot-starter-data-jpa-1.5.8.RELEASE.jar:/home/arian/.gradle/caches/modules-2/files-2.1/mysql/mysql-connector-java/5.1.44/61b6b998192c85bb581c6be90e03dcd4b9079db4/mysql-connector-java-5.1.44.jar:/home/arian/.gradle/caches/modules-2/files-2.1/org.hibernate/hibernate-entitymanager/5.0.12.Final/302a526f5058290e9cbd719a5caf9f248d344719/hibernate-entitymanager-5.0.12.Final.jar:/home/arian/.gradle/caches/modules-2/files-2.1/org.hibernate/hibernate-core/5.0.12.Final/e58bf1c660e6706d8e2cbb53bae110f574366102/hibernate-core-5.0.12.Final.jar:/home/arian/.gradle/caches/modules-2/files-2.1/org.springframework.boot/spring-boot-starter-jersey/1.5.8.RELEASE/a02325b0750bff113e6fe1919080e31ca8c486b0/spring-boot-starter-jersey-1.5.8.RELEASE.jar:/home/arian/.gradle/caches/modules-2/files-2.1/org.glassfish.jersey.containers/jersey-container-servlet/2.25.1/cf5f7a76fcea38158b890ab7a0142d4db709a882/jersey-container-servlet-2.25.1.jar:/home/arian/.gradle/caches/modules-2/files-2.1/org.glassfish.jersey.ext/jersey-spring3/2.25.1/a31bfcd2fcae5beb979d3f41079b6f4020d6fbc9/jersey-spring3-2.25.1.jar:/home/arian/.gradle/caches/modules-2/files-2.1/org.glassfish.jersey.containers/jersey-container-servlet-core/2.25.1/400e30bb035a0cdf3c554530224141ce659a0d1e/jersey-container-servlet-core-2.25.1.jar:/home/arian/.gradle/caches/modules-2/files-2.1/org.glassfish.jersey.ext/jersey-bean-validation/2.25.1/1971927d79cad0ad2b5a3bfda24967748a2023d/jersey-bean-validation-2.25.1.jar:/home/arian/.gradle/caches/modules-2/files-2.1/org.glassfish.jersey.core/jersey-server/2.25.1/276e2ee0fd1cdabf99357fce560c5baab675b1a2/jersey-server-2.25.1.jar:/home/arian/.gradle/caches/modules-2/files-2.1/org.glassfish.jersey.media/jersey-media-json-jackson/2.25.1/19d1e4276eb7b6386640c344d9e5c01eba7eae5d/jersey-media-json-jackson-2.25.1.jar:/home/arian/.gradle/caches/modules-2/files-2.1/org.glassfish.jersey.core/jersey-client/2.25.1/4d563b1f93352ee9fad597e9e1daf2c6159993c6/jersey-client-2.25.1.jar:/home/arian/.gradle/caches/modules-2/files-2.1/org.glassfish.jersey.media/jersey-media-jaxb/2.25.1/d7da0beeed5614a3bfd882662faec602699e24b/jersey-media-jaxb-2.25.1.jar:/home/arian/.gradle/caches/modules-2/files-2.1/org.glassfish.jersey.core/jersey-common/2.25.1/2438ce68d4907046095ab54aa83a6092951b4bbb/jersey-common-2.25.1.jar:/home/arian/.gradle/caches/modules-2/files-2.1/org.glassfish.hk2/hk2/2.5.0-b32/c3accae585955e49c771d464899e906ecc9ffb4/hk2-2.5.0-b32.jar:/home/arian/.gradle/caches/modules-2/files-2.1/org.glassfish.hk2/config-types/2.5.0-b32/686bbe7f80b1b879d64c06bc6606c97721a795f2/config-types-2.5.0-b32.jar:/home/arian/.gradle/caches/modules-2/files-2.1/org.glassfish.hk2/hk2-config/2.5.0-b32/dce05ac4225dbc0c1c382ad02e3b5bee51f0168a/hk2-config-2.5.0-b32.jar:/home/arian/.gradle/caches/modules-2/files-2.1/org.glassfish.hk2/hk2-core/2.5.0-b32/8cb6a8a9522ec523b7740d29f555bdbe9d936af2/hk2-core-2.5.0-b32.jar:/home/arian/.gradle/caches/modules-2/files-2.1/org.glassfish.hk2/hk2-runlevel/2.5.0-b32/60dc979763ea885e796cba4d3e322af8d500ba74/hk2-runlevel-2.5.0-b32.jar:/home/arian/.gradle/caches/modules-2/files-2.1/org.glassfish.hk2/hk2-locator/2.5.0-b32/195474f8ad0a8d130e9ea949a771bcf1215fc33b/hk2-locator-2.5.0-b32.jar:/home/arian/.gradle/caches/modules-2/files-2.1/org.javassist/javassist/3.20.0-GA/a9cbcdfb7e9f86fbc74d3afae65f2248bfbf82a0/javassist-3.20.0-GA.jar:/home/arian/.gradle/caches/modules-2/files-2.1/org.springframework.boot/spring-boot-starter-security/1.5.8.RELEASE/1f143627e30e74244e83223a5a9347c95a2dafbc/spring-boot-starter-security-1.5.8.RELEASE.jar:/home/arian/.gradle/caches/modules-2/files-2.1/org.springframework.security.oauth/spring-security-oauth2/2.0.14.RELEASE/2359228d52ed5307beb8491764bc751ce60064cb/spring-security-oauth2-2.0.14.RELEASE.jar:/home/arian/.gradle/caches/modules-2/files-2.1/org.springframework.boot/spring-boot-configuration-processor/1.5.8.RELEASE/217b7bde102a9c51c51139ea02f0f99f5d34f799/spring-boot-configuration-processor-1.5.8.RELEASE.jar:/home/arian/.gradle/caches/modules-2/files-2.1/io.jsonwebtoken/jjwt/0.7.0/f042fe2676bfdc2091545152e47d77e11999946d/jjwt-0.7.0.jar:/home/arian/.gradle/caches/modules-2/files-2.1/org.springframework.security/spring-security-cas/4.2.3.RELEASE/344e4a170100a53d9b95a6ec3604a1c4c06b2314/spring-security-cas-4.2.3.RELEASE.jar:/home/arian/.gradle/caches/modules-2/files-2.1/org.springframework.security/spring-security-acl/4.2.3.RELEASE/6f163c19a0de8201ceed6f55eb8f34843e510795/spring-security-acl-4.2.3.RELEASE.jar:/home/arian/.gradle/caches/modules-2/files-2.1/bsf/bsf/2.4.0/658f324024bb473c4d15d18b855676fa817353e9/bsf-2.4.0.jar:/home/arian/.gradle/caches/modules-2/files-2.1/org.springframework.boot/spring-boot-starter-batch/1.5.8.RELEASE/2cf58d2e059afb93ce2fba5a39c664ce2916a858/spring-boot-starter-batch-1.5.8.RELEASE.jar:/home/arian/.gradle/caches/modules-2/files-2.1/org.springframework.boot/spring-boot-starter-actuator/1.5.8.RELEASE/927c40a1af518dc240dfdf7aaf0a9673c3a127c5/spring-boot-starter-actuator-1.5.8.RELEASE.jar:/home/arian/.gradle/caches/modules-2/files-2.1/org.springframework.security/spring-security-ldap/4.2.3.RELEASE/90256301d6147e1bc51bb89583f637c8cc39ae6c/spring-security-ldap-4.2.3.RELEASE.jar:/home/arian/.gradle/caches/modules-2/files-2.1/javax.jdo/jdo-api/3.0.1/58e7a538e020b73871e232eeb064835fd98a492/jdo-api-3.0.1.jar:/home/arian/.gradle/caches/modules-2/files-2.1/com.querydsl/querydsl-core/4.1.4/5a5c4064169db7d56f63edd81f64de00d3add197/querydsl-core-4.1.4.jar:/home/arian/.gradle/caches/modules-2/files-2.1/org.springframework/springloaded/1.2.8.RELEASE/b60bac05b0451cdc1863bfec617f39aa0dcaaa43/springloaded-1.2.8.RELEASE.jar:/home/arian/.gradle/caches/modules-2/files-2.1/org.jetbrains.kotlin/kotlin-stdlib/1.0.6/d19acb6ed49b9c48228c0e5dff8071fce23be4b8/kotlin-stdlib-1.0.6.jar:/home/arian/.gradle/caches/modules-2/files-2.1/org.scala-lang/scala-library/2.11.0/aa8f7553253318c468f90ce58a85f94bd1a224eb/scala-library-2.11.0.jar:/home/arian/.gradle/caches/modules-2/files-2.1/commons-validator/commons-validator/1.6/e989d1e87cdd60575df0765ed5bac65c905d7908/commons-validator-1.6.jar:/home/arian/.gradle/caches/modules-2/files-2.1/commons-io/commons-io/2.5/2852e6e05fbb95076fc091f6d1780f1f8fe35e0f/commons-io-2.5.jar:/home/arian/.gradle/caches/modules-2/files-2.1/org.modelmapper/modelmapper/0.7.5/5bef63ad6fa1008d56d27557e4a7f223fb639678/modelmapper-0.7.5.jar:/home/arian/.gradle/caches/modules-2/files-2.1/org.apache.httpcomponents/httpclient/4.5.3/d1577ae15f01ef5438c5afc62162457c00a34713/httpclient-4.5.3.jar:/home/arian/.gradle/caches/modules-2/files-2.1/org.apache.commons/commons-lang3/3.4/5fe28b9518e58819180a43a850fbc0dd24b7c050/commons-lang3-3.4.jar:/home/arian/.gradle/caches/modules-2/files-2.1/org.springframework.boot/spring-boot-starter-test/1.5.8.RELEASE/20b767f594924b32950286f1236ab7d68ff861f9/spring-boot-starter-test-1.5.8.RELEASE.jar:/home/arian/.gradle/caches/modules-2/files-2.1/org.eclipse.jetty.aggregate/jetty-all/9.2.13.v20150730/2c79fea4f8ce99177a775531e2daf260aa61238/jetty-all-9.2.13.v20150730.jar:/home/arian/.gradle/caches/modules-2/files-2.1/org.springframework.boot/spring-boot-starter-data-mongodb/1.5.8.RELEASE/d6a3761c971691e9a70d8bc33c0158dcf8f06fcf/spring-boot-starter-data-mongodb-1.5.8.RELEASE.jar:/home/arian/.gradle/caches/modules-2/files-2.1/com.h2database/h2/1.4.196/dd0034398d593aa3588c6773faac429bbd9aea0e/h2-1.4.196.jar:/home/arian/.gradle/caches/modules-2/files-2.1/org.springframework.integration/spring-integration-test/4.3.12.RELEASE/f79ffed1a3ff396f3d7e8603fa27a788d82b96ce/spring-integration-test-4.3.12.RELEASE.jar:/home/arian/.gradle/caches/modules-2/files-2.1/org.springframework.security/spring-security-test/4.2.3.RELEASE/f93339f597290d85a596f25a7841b9109b79ced6/spring-security-test-4.2.3.RELEASE.jar:/home/arian/.gradle/caches/modules-2/files-2.1/org.apache.hadoop/hadoop-core/1.0.0/4b35f11f6fe61f10a6861f4f94751031b989e2fd/hadoop-core-1.0.0.jar:/home/arian/.gradle/caches/modules-2/files-2.1/com.sleepycat/je/5.0.73/af8a905a5266e68f9182a1c67a8533b548f57c6e/je-5.0.73.jar:/home/arian/.gradle/caches/modules-2/files-2.1/commons-dbcp/commons-dbcp/1.4/30be73c965cc990b153a100aaaaafcf239f82d39/commons-dbcp-1.4.jar:/home/arian/.gradle/caches/modules-2/files-2.1/org.springframework.data/spring-data-rest-webmvc/2.6.8.RELEASE/50c58b901f47fb43a9dc8e7073e906d533b0d42/spring-data-rest-webmvc-2.6.8.RELEASE.jar:/home/arian/.gradle/caches/modules-2/files-2.1/org.springframework.data/spring-data-rest-core/2.6.8.RELEASE/8eda1a9722d14838bc76191638ee225619bea085/spring-data-rest-core-2.6.8.RELEASE.jar:/home/arian/.gradle/caches/modules-2/files-2.1/org.springframework.hateoas/spring-hateoas/0.23.0.RELEASE/678ffa0798f417a794fea592dc8066e325611919/spring-hateoas-0.23.0.RELEASE.jar:/home/arian/.gradle/caches/modules-2/files-2.1/org.springframework/spring-webmvc/4.3.12.RELEASE/986e5dcd4435e780f6be64f8185eaa51523cf851/spring-webmvc-4.3.12.RELEASE.jar:/home/arian/.gradle/caches/modules-2/files-2.1/org.springframework.data/spring-data-jpa/1.11.8.RELEASE/d674b8407de3d2998c106557fd6a6665de2bc217/spring-data-jpa-1.11.8.RELEASE.jar:/home/arian/.gradle/caches/modules-2/files-2.1/org.springframework.data/spring-data-mongodb/1.10.8.RELEASE/83142e2629ef0db3abc0b13296c6c7f5d2fa9a59/spring-data-mongodb-1.10.8.RELEASE.jar:/home/arian/.gradle/caches/modules-2/files-2.1/org.springframework.data/spring-data-commons/1.13.8.RELEASE/2853e3c38e02d42529f6c8b247d7bace40c25642/spring-data-commons-1.13.8.RELEASE.jar:/home/arian/.gradle/caches/modules-2/files-2.1/org.springframework.plugin/spring-plugin-core/1.2.0.RELEASE/f380e7760032e7d929184f8ad8a33716b75c0657/spring-plugin-core-1.2.0.RELEASE.jar:/home/arian/.gradle/caches/modules-2/files-2.1/org.springframework/spring-orm/4.3.12.RELEASE/47bbe35a92944aeedf06a388098581272f8db9bd/spring-orm-4.3.12.RELEASE.jar:/home/arian/.gradle/caches/modules-2/files-2.1/junit/junit/4.12/2973d150c0dc1fefe998f834810d68f278ea58ec/junit-4.12.jar:/home/arian/.gradle/caches/modules-2/files-2.1/org.springframework/spring-test/4.3.12.RELEASE/825a7ac1014528db722a6cc94cceaef2410cb314/spring-test-4.3.12.RELEASE.jar:/home/arian/.gradle/caches/modules-2/files-2.1/org.springframework.boot/spring-boot-starter-aop/1.5.8.RELEASE/9bc9a40e0718726ed48f6becc509b2d186f1ebcc/spring-boot-starter-aop-1.5.8.RELEASE.jar:/home/arian/.gradle/caches/modules-2/files-2.1/org.springframework.boot/spring-boot-starter-jdbc/1.5.8.RELEASE/fc98631eba9817c920b9ac1c5845214f49637a33/spring-boot-starter-jdbc-1.5.8.RELEASE.jar:/home/arian/.gradle/caches/modules-2/files-2.1/org.springframework.boot/spring-boot-starter-validation/1.5.8.RELEASE/69aade16cb32a9438375bbdea975a4bc9cfd5048/spring-boot-starter-validation-1.5.8.RELEASE.jar:/home/arian/.gradle/caches/modules-2/files-2.1/org.springframework.boot/spring-boot-starter/1.5.8.RELEASE/18048efe1f06569022a53cc3fb2fe9c0162935a3/spring-boot-starter-1.5.8.RELEASE.jar:/home/arian/.gradle/caches/modules-2/files-2.1/org.springframework.boot/spring-boot-starter-tomcat/1.5.8.RELEASE/cf3b7eb7e192a60ab1dd09e4f8bce82710a5feb0/spring-boot-starter-tomcat-1.5.8.RELEASE.jar:/home/arian/.gradle/caches/modules-2/files-2.1/org.hibernate/hibernate-validator/5.3.5.Final/622a9bcef2eed6d41b5b8e0662c36212009e375/hibernate-validator-5.3.5.Final.jar:/home/arian/.gradle/caches/modules-2/files-2.1/org.springframework.boot/spring-boot-actuator/1.5.8.RELEASE/aac530fe877ed91c92831019755c49f29b08e6/spring-boot-actuator-1.5.8.RELEASE.jar:/home/arian/.gradle/caches/modules-2/files-2.1/com.fasterxml.jackson.jaxrs/jackson-jaxrs-json-provider/2.8.4/839366ece31829a19cb15719b2b54a3f9f91148d/jackson-jaxrs-json-provider-2.8.4.jar:/home/arian/.gradle/caches/modules-2/files-2.1/com.fasterxml.jackson.jaxrs/jackson-jaxrs-base/2.8.4/6c0ceb3c9fed2e225b0cc2a45533574df393f606/jackson-jaxrs-base-2.8.4.jar:/home/arian/.gradle/caches/modules-2/files-2.1/com.fasterxml.jackson.module/jackson-module-jaxb-annotations/2.8.4/d2eec7cf6c4284f7d5f0b1a72dc7cfa9d6bb579d/jackson-module-jaxb-annotations-2.8.4.jar:/home/arian/.gradle/caches/modules-2/files-2.1/com.fasterxml.jackson.core/jackson-databind/2.8.10/f7b83cb2bc4b88d53961e749e1ad32f49ef017b7/jackson-databind-2.8.10.jar:/home/arian/.gradle/caches/modules-2/files-2.1/org.springframework.security/spring-security-web/4.2.3.RELEASE/7a03e737484ca232d7146852f06d067ac21427ac/spring-security-web-4.2.3.RELEASE.jar:/home/arian/.gradle/caches/modules-2/files-2.1/org.springframework/spring-web/4.3.12.RELEASE/86c29588cca74d0fc848b194cb13fcdfd12bc990/spring-web-4.3.12.RELEASE.jar:/home/arian/.gradle/caches/modules-2/files-2.1/javax.transaction/javax.transaction-api/1.2/d81aff979d603edd90dcd8db2abc1f4ce6479e3e/javax.transaction-api-1.2.jar:/home/arian/.gradle/caches/modules-2/files-2.1/org.springframework/spring-aspects/4.3.12.RELEASE/b0002bfdd0d58f09fc178afc5f2d0553ff117840/spring-aspects-4.3.12.RELEASE.jar:/home/arian/.gradle/caches/modules-2/files-2.1/org.springframework.batch/spring-batch-core/3.0.8.RELEASE/5116a8aec6959f869cd78e779a153e2d43084097/spring-batch-core-3.0.8.RELEASE.jar:/home/arian/.gradle/caches/modules-2/files-2.1/org.springframework.security/spring-security-config/4.2.3.RELEASE/9f3771903616e33521836fd999d63efbfebf90d/spring-security-config-4.2.3.RELEASE.jar:/home/arian/.gradle/caches/modules-2/files-2.1/org.springframework.security/spring-security-core/4.2.3.RELEASE/5c0e47a47036c94d6fdd02696bf52be6d1adbd4d/spring-security-core-4.2.3.RELEASE.jar:/home/arian/.gradle/caches/modules-2/files-2.1/org.springframework/spring-messaging/4.3.11.RELEASE/1e99d0fcc51044594c1ffb484b997dcd864241f6/spring-messaging-4.3.11.RELEASE.jar:/home/arian/.gradle/caches/modules-2/files-2.1/org.springframework.boot/spring-boot-test-autoconfigure/1.5.8.RELEASE/a8f986cc4b6ecef1417fe50c20984f12f54d15cc/spring-boot-test-autoconfigure-1.5.8.RELEASE.jar:/home/arian/.gradle/caches/modules-2/files-2.1/org.springframework.boot/spring-boot-test/1.5.8.RELEASE/17dedee86d1a9e9bd409d715fd90650ca1049659/spring-boot-test-1.5.8.RELEASE.jar:/home/arian/.gradle/caches/modules-2/files-2.1/org.springframework.boot/spring-boot-autoconfigure/1.5.8.RELEASE/e4f2efa4c319f4e3613d94fbccfdb5ccda6873e3/spring-boot-autoconfigure-1.5.8.RELEASE.jar:/home/arian/.gradle/caches/modules-2/files-2.1/org.springframework.boot/spring-boot/1.5.8.RELEASE/748ebde51761e12627ad23d064024f342b18f9b4/spring-boot-1.5.8.RELEASE.jar:/home/arian/.gradle/caches/modules-2/files-2.1/org.glassfish.hk2/spring-bridge/2.5.0-b32/f38ecef23edc769942a95c062efd63541044de42/spring-bridge-2.5.0-b32.jar:/home/arian/.gradle/caches/modules-2/files-2.1/org.springframework.batch/spring-batch-infrastructure/3.0.8.RELEASE/da7e2007ac847c7906987c4faa3c899138ab436c/spring-batch-infrastructure-3.0.8.RELEASE.jar:/home/arian/.gradle/caches/modules-2/files-2.1/org.springframework.retry/spring-retry/1.1.0.RELEASE/f7e1ec1fd7c8fcaca490fd298c5b3fe711cb5ed9/spring-retry-1.1.0.RELEASE.jar:/home/arian/.gradle/caches/modules-2/files-2.1/org.springframework/spring-context/4.3.12.RELEASE/5e6d26f36636f36b7efec1d6a0c5991284fbd95b/spring-context-4.3.12.RELEASE.jar:/home/arian/.gradle/caches/modules-2/files-2.1/org.springframework/spring-aop/4.3.12.RELEASE/b3fef085902993c2ef874c45c7bfd79296d5a5a4/spring-aop-4.3.12.RELEASE.jar:/home/arian/.gradle/caches/modules-2/files-2.1/org.springframework/spring-jdbc/4.3.12.RELEASE/5c840abbdc1a1dfd0f79c4a4c25eac0c98e6af22/spring-jdbc-4.3.12.RELEASE.jar:/home/arian/.gradle/caches/modules-2/files-2.1/org.springframework/spring-tx/4.3.12.RELEASE/7147b6839b2bf9db3621b79c73b4dddbe69572b6/spring-tx-4.3.12.RELEASE.jar:/home/arian/.gradle/caches/modules-2/files-2.1/org.springframework/spring-beans/4.3.12.RELEASE/547dd432d47d0f01d9ccbedc4b705f9f7c1240a/spring-beans-4.3.12.RELEASE.jar:/home/arian/.gradle/caches/modules-2/files-2.1/org.springframework/spring-expression/4.3.12.RELEASE/790f69f6ad7f9da8d4a92c603ad7244c398c8309/spring-expression-4.3.12.RELEASE.jar:/home/arian/.gradle/caches/modules-2/files-2.1/org.springframework/spring-core/4.3.12.RELEASE/4cebc69478c6d350dbd5af28e3db7d5694f416e3/spring-core-4.3.12.RELEASE.jar:/home/arian/.gradle/caches/modules-2/files-2.1/net.java.dev.jets3t/jets3t/0.7.1/2d10b62398360c674b4039ea4f2d1c697f46f6cd/jets3t-0.7.1.jar:/home/arian/.gradle/caches/modules-2/files-2.1/commons-httpclient/commons-httpclient/3.1/964cd74171f427720480efdec40a7c7f6e58426a/commons-httpclient-3.1.jar:/home/arian/.gradle/caches/modules-2/files-2.1/commons-codec/commons-codec/1.9/9ce04e34240f674bc72680f8b843b1457383161a/commons-codec-1.9.jar:/home/arian/.gradle/caches/modules-2/files-2.1/org.codehaus.jackson/jackson-mapper-asl/1.9.13/1ee2f2bed0e5dd29d1cb155a166e6f8d50bbddb7/jackson-mapper-asl-1.9.13.jar:/home/arian/.gradle/caches/modules-2/files-2.1/org.skyscreamer/jsonassert/1.4.0/9cdbb373a06f6513e51e8c545ee6a5e981463edb/jsonassert-1.4.0.jar:/home/arian/.gradle/caches/modules-2/files-2.1/com.vaadin.external.google/android-json/0.0.20131108.vaadin1/fa26d351fe62a6a17f5cda1287c1c6110dec413f/android-json-0.0.20131108.vaadin1.jar:/home/arian/.gradle/caches/modules-2/files-2.1/org.jasig.cas.client/cas-client-core/3.4.1/a000397061c6c02fd695c706430ccbf439843008/cas-client-core-3.4.1.jar:/home/arian/.gradle/caches/modules-2/files-2.1/aopalliance/aopalliance/1.0/235ba8b489512805ac13a8f9ea77a1ca5ebe3e8/aopalliance-1.0.jar:/home/arian/.gradle/caches/modules-2/files-2.1/commons-configuration/commons-configuration/1.6/32cadde23955d7681b0d94a2715846d20b425235/commons-configuration-1.6.jar:/home/arian/.gradle/caches/modules-2/files-2.1/commons-el/commons-el/1.0/1df2c042b3f2de0124750241ac6c886dbfa2cc2c/commons-el-1.0.jar:/home/arian/.gradle/caches/modules-2/files-2.1/commons-beanutils/commons-beanutils-core/1.8.0/175dc721f87e4bc5cc0573f990e28c3cf9117508/commons-beanutils-core-1.8.0.jar:/home/arian/.gradle/caches/modules-2/files-2.1/commons-digester/commons-digester/1.8.1/3dec9b9c7ea9342d4dbe8c38560080d85b44a015/commons-digester-1.8.1.jar:/home/arian/.gradle/caches/modules-2/files-2.1/commons-beanutils/commons-beanutils/1.9.2/7a87d845ad3a155297e8f67d9008f4c1e5656b71/commons-beanutils-1.9.2.jar:/home/arian/.gradle/caches/modules-2/files-2.1/commons-logging/commons-logging/1.2/4bfc12adfe4842bf07b657f0369c4cb522955686/commons-logging-1.2.jar:/home/arian/.gradle/caches/modules-2/files-2.1/org.springframework.ldap/spring-ldap-core/2.2.0.RELEASE/45f2838f37854bbdb868323918ba6783dd3c30cf/spring-ldap-core-2.2.0.RELEASE.jar:/home/arian/.gradle/caches/modules-2/files-2.1/javax.transaction/jta/1.1/2ca09f0b36ca7d71b762e14ea2ff09d5eac57558/jta-1.1.jar:/home/arian/.gradle/caches/modules-2/files-2.1/com.google.guava/guava/18.0/cce0823396aa693798f8882e64213b1772032b09/guava-18.0.jar:/home/arian/.gradle/caches/modules-2/files-2.1/com.google.code.findbugs/jsr305/1.3.9/40719ea6961c0cb6afaeb6a921eaa1f6afd4cfdf/jsr305-1.3.9.jar:/home/arian/.gradle/caches/modules-2/files-2.1/com.mysema.commons/mysema-commons-lang/0.2.4/d09c8489d54251a6c22fbce804bdd4a070557317/mysema-commons-lang-0.2.4.jar:/home/arian/.gradle/caches/modules-2/files-2.1/com.infradna.tool/bridge-method-annotation/1.13/18cdce50cde6f54ee5390d0907384f72183ff0fe/bridge-method-annotation-1.13.jar:/home/arian/.gradle/caches/modules-2/files-2.1/com.fasterxml.jackson.core/jackson-annotations/2.8.10/5e924646d6f893bc9036939c5f2b4ecaee85e5da/jackson-annotations-2.8.10.jar:/home/arian/.gradle/caches/modules-2/files-2.1/org.jetbrains.kotlin/kotlin-runtime/1.0.6/3562c66f648480d3bd4f76cff722488ced13445b/kotlin-runtime-1.0.6.jar:/home/arian/.gradle/caches/modules-2/files-2.1/commons-collections/commons-collections/3.2.2/8ad72fe39fa8c91eaaf12aadb21e0c3661fe26d5/commons-collections-3.2.2.jar:/home/arian/.gradle/caches/modules-2/files-2.1/org.apache.httpcomponents/httpcore/4.4.6/e3fd8ced1f52c7574af952e2e6da0df8df08eb82/httpcore-4.4.6.jar:/home/arian/.gradle/caches/modules-2/files-2.1/com.jayway.jsonpath/json-path/2.2.0/22290d17944bd239fabf5ac69005a60a7ecbbbcb/json-path-2.2.0.jar:/home/arian/.gradle/caches/modules-2/files-2.1/org.assertj/assertj-core/2.6.0/b532c3fc4f66bcfee4989a3514f1cd56203a33ad/assertj-core-2.6.0.jar:/home/arian/.gradle/caches/modules-2/files-2.1/org.mockito/mockito-core/1.10.19/e8546f5bef4e061d8dd73895b4e8f40e3fe6effe/mockito-core-1.10.19.jar:/home/arian/.gradle/caches/modules-2/files-2.1/org.hamcrest/hamcrest-library/1.3/4785a3c21320980282f9f33d0d1264a69040538f/hamcrest-library-1.3.jar:/home/arian/.gradle/caches/modules-2/files-2.1/org.hamcrest/hamcrest-core/1.3/42a25dc3219429f0e5d060061f71acb49bf010a0/hamcrest-core-1.3.jar:/home/arian/.gradle/caches/modules-2/files-2.1/javax.websocket/javax.websocket-api/1.0/fc843b649d4a1dcb0497669d262befa3918c7ba8/javax.websocket-api-1.0.jar:/home/arian/.gradle/caches/modules-2/files-2.1/javax.servlet/javax.servlet-api/3.1.0/3cd63d075497751784b2fa84be59432f4905bf7c/javax.servlet-api-3.1.0.jar:/home/arian/.gradle/caches/modules-2/files-2.1/org.mongodb/mongodb-driver/3.4.3/a1c708919fdca8da4a527cb4ea9df30f8db9993b/mongodb-driver-3.4.3.jar:/home/arian/.gradle/caches/modules-2/files-2.1/org.hamcrest/hamcrest-all/1.3/63a21ebc981131004ad02e0434e799fd7f3a8d5a/hamcrest-all-1.3.jar:/home/arian/.gradle/caches/modules-2/files-2.1/commons-cli/commons-cli/1.2/2bf96b7aa8b611c177d329452af1dc933e14501c/commons-cli-1.2.jar:/home/arian/.gradle/caches/modules-2/files-2.1/xmlenc/xmlenc/0.52/d82554efbe65906d83b3d97bd7509289e9db561a/xmlenc-0.52.jar:/home/arian/.gradle/caches/modules-2/files-2.1/org.apache.commons/commons-math/2.1/b3c4bdc2778ddccceb8da2acec3e37bfa41303e9/commons-math-2.1.jar:/home/arian/.gradle/caches/modules-2/files-2.1/commons-net/commons-net/1.4.1/abb932adb2c10790c1eaa4365d3ac2a1ac7cb700/commons-net-1.4.1.jar:/home/arian/.gradle/caches/modules-2/files-2.1/org.mortbay.jetty/jetty/6.1.26/2f546e289fddd5b1fab1d4199fbb6e9ef43ee4b0/jetty-6.1.26.jar:/home/arian/.gradle/caches/modules-2/files-2.1/org.mortbay.jetty/jetty-util/6.1.26/e5642fe0399814e1687d55a3862aa5a3417226a9/jetty-util-6.1.26.jar:/home/arian/.gradle/caches/modules-2/files-2.1/tomcat/jasper-runtime/5.5.12/f3a50a55414655b9843f5a089923ea83d49dc55e/jasper-runtime-5.5.12.jar:/home/arian/.gradle/caches/modules-2/files-2.1/tomcat/jasper-compiler/5.5.12/c594866c64565344c0e7bdc9bf4fee70290c4dd5/jasper-compiler-5.5.12.jar:/home/arian/.gradle/caches/modules-2/files-2.1/org.mortbay.jetty/jsp-2.1/6.1.14/3a1df1e8e0fa56e9a940abbd19bc6f397fce16b5/jsp-2.1-6.1.14.jar:/home/arian/.gradle/caches/modules-2/files-2.1/org.mortbay.jetty/jsp-api-2.1/6.1.14/756b3fac155e31bd0e85545dbf953495e0455c73/jsp-api-2.1-6.1.14.jar:/home/arian/.gradle/caches/modules-2/files-2.1/net.sf.kosmosfs/kfs/0.3/20fcbc065182bdcd706c90a2eb383ae70eb5b223/kfs-0.3.jar:/home/arian/.gradle/caches/modules-2/files-2.1/hsqldb/hsqldb/1.8.0.10/7e9978fdb754bce5fcd5161133e7734ecb683036/hsqldb-1.8.0.10.jar:/home/arian/.gradle/caches/modules-2/files-2.1/oro/oro/2.0.8/5592374f834645c4ae250f4c9fbb314c9369d698/oro-2.0.8.jar:/home/arian/.gradle/caches/modules-2/files-2.1/org.eclipse.jdt/core/3.1.1/88c83ce444cf46d02494da37c9fa1eebc9ce9cea/core-3.1.1.jar:/home/arian/.gradle/caches/modules-2/f
[...]
2017-11-25 15:27:22.359  INFO 17985 --- [    Test worker] o.s.b.a.e.mvc.EndpointHandlerMapping     : Mapped "{[/env || /env.json],methods=[GET],produces=[application/vnd.spring-boot.actuator.v1+json || application/json]}" onto public java.lang.Object org.springframework.boot.actuate.endpoint.mvc.EndpointMvcAdapter.invoke()
2017-11-25 15:27:22.361  INFO 17985 --- [    Test worker] o.s.b.a.e.mvc.EndpointHandlerMapping     : Mapped "{[/info || /info.json],methods=[GET],produces=[application/vnd.spring-boot.actuator.v1+json || application/json]}" onto public java.lang.Object org.springframework.boot.actuate.endpoint.mvc.EndpointMvcAdapter.invoke()
2017-11-25 15:27:22.362  INFO 17985 --- [    Test worker] o.s.b.a.e.mvc.EndpointHandlerMapping     : Mapped "{[/health || /health.json],methods=[GET],produces=[application/vnd.spring-boot.actuator.v1+json || application/json]}" onto public java.lang.Object org.springframework.boot.actuate.endpoint.mvc.HealthMvcEndpoint.invoke(javax.servlet.http.HttpServletRequest,java.security.Principal)
2017-11-25 15:27:22.363  INFO 17985 --- [    Test worker] o.s.b.a.e.mvc.EndpointHandlerMapping     : Mapped "{[/autoconfig || /autoconfig.json],methods=[GET],produces=[application/vnd.spring-boot.actuator.v1+json || application/json]}" onto public java.lang.Object org.springframework.boot.actuate.endpoint.mvc.EndpointMvcAdapter.invoke()
2017-11-25 15:27:22.365  INFO 17985 --- [    Test worker] o.s.b.a.e.mvc.EndpointHandlerMapping     : Mapped "{[/loggers/{name:.*}],methods=[GET],produces=[application/vnd.spring-boot.actuator.v1+json || application/json]}" onto public java.lang.Object org.springframework.boot.actuate.endpoint.mvc.LoggersMvcEndpoint.get(java.lang.String)
2017-11-25 15:27:22.365  INFO 17985 --- [    Test worker] o.s.b.a.e.mvc.EndpointHandlerMapping     : Mapped "{[/loggers/{name:.*}],methods=[POST],consumes=[application/vnd.spring-boot.actuator.v1+json || application/json],produces=[application/vnd.spring-boot.actuator.v1+json || application/json]}" onto public java.lang.Object org.springframework.boot.actuate.endpoint.mvc.LoggersMvcEndpoint.set(java.lang.String,java.util.Map<java.lang.String, java.lang.String>)
2017-11-25 15:27:22.365  INFO 17985 --- [    Test worker] o.s.b.a.e.mvc.EndpointHandlerMapping     : Mapped "{[/loggers || /loggers.json],methods=[GET],produces=[application/vnd.spring-boot.actuator.v1+json || application/json]}" onto public java.lang.Object org.springframework.boot.actuate.endpoint.mvc.EndpointMvcAdapter.invoke()
2017-11-25 15:27:22.366  INFO 17985 --- [    Test worker] o.s.b.a.e.mvc.EndpointHandlerMapping     : Mapped "{[/heapdump || /heapdump.json],methods=[GET],produces=[application/octet-stream]}" onto public void org.springframework.boot.actuate.endpoint.mvc.HeapdumpMvcEndpoint.invoke(boolean,javax.servlet.http.HttpServletRequest,javax.servlet.http.HttpServletResponse) throws java.io.IOException,javax.servlet.ServletException
2017-11-25 15:27:22.368  INFO 17985 --- [    Test worker] o.s.b.a.e.mvc.EndpointHandlerMapping     : Mapped "{[/auditevents || /auditevents.json],methods=[GET],produces=[application/vnd.spring-boot.actuator.v1+json || application/json]}" onto public org.springframework.http.ResponseEntity<?> org.springframework.boot.actuate.endpoint.mvc.AuditEventsMvcEndpoint.findByPrincipalAndAfterAndType(java.lang.String,java.util.Date,java.lang.String)
2017-11-25 15:27:22.368  INFO 17985 --- [    Test worker] o.s.b.a.e.mvc.EndpointHandlerMapping     : Mapped "{[/trace || /trace.json],methods=[GET],produces=[application/vnd.spring-boot.actuator.v1+json || application/json]}" onto public java.lang.Object org.springframework.boot.actuate.endpoint.mvc.EndpointMvcAdapter.invoke()
2017-11-25 15:27:22.369  INFO 17985 --- [    Test worker] o.s.b.a.e.mvc.EndpointHandlerMapping     : Mapped "{[/configprops || /configprops.json],methods=[GET],produces=[application/vnd.spring-boot.actuator.v1+json || application/json]}" onto public java.lang.Object org.springframework.boot.actuate.endpoint.mvc.EndpointMvcAdapter.invoke()
2017-11-25 15:27:22.370  INFO 17985 --- [    Test worker] o.s.b.a.e.mvc.EndpointHandlerMapping     : Mapped "{[/beans || /beans.json],methods=[GET],produces=[application/vnd.spring-boot.actuator.v1+json || application/json]}" onto public java.lang.Object org.springframework.boot.actuate.endpoint.mvc.EndpointMvcAdapter.invoke()
2017-11-25 15:27:22.370  INFO 17985 --- [    Test worker] o.s.b.a.e.mvc.EndpointHandlerMapping     : Mapped "{[/dump || /dump.json],methods=[GET],produces=[application/vnd.spring-boot.actuator.v1+json || application/json]}" onto public java.lang.Object org.springframework.boot.actuate.endpoint.mvc.EndpointMvcAdapter.invoke()
2017-11-25 15:27:22.371  INFO 17985 --- [    Test worker] o.s.b.a.e.mvc.EndpointHandlerMapping     : Mapped "{[/metrics/{name:.*}],methods=[GET],produces=[application/vnd.spring-boot.actuator.v1+json || application/json]}" onto public java.lang.Object org.springframework.boot.actuate.endpoint.mvc.MetricsMvcEndpoint.value(java.lang.String)
2017-11-25 15:27:22.371  INFO 17985 --- [    Test worker] o.s.b.a.e.mvc.EndpointHandlerMapping     : Mapped "{[/metrics || /metrics.json],methods=[GET],produces=[application/vnd.spring-boot.actuator.v1+json || application/json]}" onto public java.lang.Object org.springframework.boot.actuate.endpoint.mvc.EndpointMvcAdapter.invoke()
2017-11-25 15:27:22.372  INFO 17985 --- [    Test worker] o.s.s.web.DefaultSecurityFilterChain     : Creating filter chain: org.springframework.boot.actuate.autoconfigure.ManagementWebSecurityAutoConfiguration$LazyEndpointPathRequestMatcher@3e3c3a74, [org.springframework.security.web.context.request.async.WebAsyncManagerIntegrationFilter@2f57f039, org.springframework.security.web.context.SecurityContextPersistenceFilter@26d2260e, org.springframework.security.web.header.HeaderWriterFilter@2a03ec7, org.springframework.web.filter.CorsFilter@4140ff38, org.springframework.security.web.authentication.logout.LogoutFilter@c4f6e61, org.springframework.security.web.authentication.www.BasicAuthenticationFilter@6dc0e9ca, org.springframework.security.web.savedrequest.RequestCacheAwareFilter@8685de7, org.springframework.security.web.servletapi.SecurityContextHolderAwareRequestFilter@b3d1c2b, org.springframework.security.web.authentication.AnonymousAuthenticationFilter@3eaace72, org.springframework.security.web.session.SessionManagementFilter@5804ebb, org.springframework.security.web.access.ExceptionTranslationFilter@7b4abbc8, org.springframework.security.web.access.intercept.FilterSecurityInterceptor@179b5a67]
2017-11-25 15:27:22.679  INFO 17985 --- [    Test worker] o.s.b.t.m.w.SpringBootMockServletContext : Initializing Spring FrameworkServlet ''
2017-11-25 15:27:22.679  INFO 17985 --- [    Test worker] o.s.t.web.servlet.TestDispatcherServlet  : FrameworkServlet '': initialization started
2017-11-25 15:27:22.908  INFO 17985 --- [    Test worker] s.w.s.m.m.a.RequestMappingHandlerAdapter : Looking for @ControllerAdvice: org.springframework.web.context.support.GenericWebApplicationContext@2133f500: startup date [Sat Nov 25 15:27:15 PST 2017]; root of context hierarchy
2017-11-25 15:27:22.920  INFO 17985 --- [    Test worker] s.w.s.m.m.a.RequestMappingHandlerAdapter : Detected ResponseBodyAdvice bean in org.springframework.boot.actuate.autoconfigure.EndpointWebMvcHypermediaManagementContextConfiguration$ActuatorEndpointLinksAdvice
2017-11-25 15:27:23.006  INFO 17985 --- [    Test worker] o.s.d.r.w.RepositoryRestHandlerAdapter   : Looking for @ControllerAdvice: org.springframework.web.context.support.GenericWebApplicationContext@2133f500: startup date [Sat Nov 25 15:27:15 PST 2017]; root of context hierarchy
2017-11-25 15:27:23.012  INFO 17985 --- [    Test worker] o.s.d.r.w.RepositoryRestHandlerAdapter   : Detected ResponseBodyAdvice bean in org.springframework.boot.actuate.autoconfigure.EndpointWebMvcHypermediaManagementContextConfiguration$ActuatorEndpointLinksAdvice
2017-11-25 15:27:23.021 DEBUG 17985 --- [    Test worker] .m.m.a.ExceptionHandlerExceptionResolver : Looking for exception mappings: org.springframework.web.context.support.GenericWebApplicationContext@2133f500: startup date [Sat Nov 25 15:27:15 PST 2017]; root of context hierarchy
2017-11-25 15:27:23.030  INFO 17985 --- [    Test worker] .m.m.a.ExceptionHandlerExceptionResolver : Detected @ExceptionHandler methods in exceptionHandlingAdvice
2017-11-25 15:27:23.031  INFO 17985 --- [    Test worker] .m.m.a.ExceptionHandlerExceptionResolver : Detected @ExceptionHandler methods in repositoryRestExceptionHandler
2017-11-25 15:27:23.032  INFO 17985 --- [    Test worker] .m.m.a.ExceptionHandlerExceptionResolver : Detected ResponseBodyAdvice implementation in org.springframework.boot.actuate.autoconfigure.EndpointWebMvcHypermediaManagementContextConfiguration$ActuatorEndpointLinksAdvice
2017-11-25 15:27:23.124  INFO 17985 --- [    Test worker] o.s.t.web.servlet.TestDispatcherServlet  : FrameworkServlet '': initialization completed in 445 ms
2017-11-25 15:27:23.740  INFO 17985 --- [    Test worker] o.s.l.c.support.AbstractContextSource    : Property 'userDn' not set - anonymous context will be used for read-write operations
2017-11-25 15:27:24.065 DEBUG 17985 --- [    Test worker] o.s.w.c.s.GenericWebApplicationContext   : Unable to locate LifecycleProcessor with name 'lifecycleProcessor': using default [org.springframework.context.support.DefaultLifecycleProcessor@fd92dd2]
2017-11-25 15:27:24.085 DEBUG 17985 --- [    Test worker] o.s.w.s.resource.ResourceUrlProvider     : Looking for resource handler mappings
2017-11-25 15:27:24.087 DEBUG 17985 --- [    Test worker] o.s.w.s.resource.ResourceUrlProvider     : Found resource handler mapping: URL pattern="/**/favicon.ico", locations=[ServletContext resource [/], class path resource [META-INF/resources/], class path resource [resources/], class path resource [static/], class path resource [public/], class path resource []], resolvers=[org.springframework.web.servlet.resource.PathResourceResolver@6c392371]
2017-11-25 15:27:24.087 DEBUG 17985 --- [    Test worker] o.s.w.s.resource.ResourceUrlProvider     : Found resource handler mapping: URL pattern="/webjars/**", locations=[class path resource [META-INF/resources/webjars/]], resolvers=[org.springframework.web.servlet.resource.PathResourceResolver@532d69ed]
2017-11-25 15:27:24.087 DEBUG 17985 --- [    Test worker] o.s.w.s.resource.ResourceUrlProvider     : Found resource handler mapping: URL pattern="/**", locations=[ServletContext resource [/], class path resource [META-INF/resources/], class path resource [resources/], class path resource [static/], class path resource [public/]], resolvers=[org.springframework.web.servlet.resource.PathResourceResolver@6a2db2e1]
2017-11-25 15:27:24.092  INFO 17985 --- [    Test worker] c.b.c.c.AuthenticationControllerTest     : Started AuthenticationControllerTest in 9.144 seconds (JVM running for 10.127)
2017-11-25 15:27:24.131  INFO 17985 --- [    Test worker] o.s.t.c.transaction.TransactionContext   : Began transaction (1) for test context [DefaultTestContext@2cf93471 testClass = AuthenticationControllerTest, testInstance = com.boot.cut_costs.controller.AuthenticationControllerTest@3942bf70, testMethod = testCreate@AuthenticationControllerTest, testException = [null], mergedContextConfiguration = [WebMergedContextConfiguration@4681d5fd testClass = AuthenticationControllerTest, locations = '{}', classes = '{class com.boot.cut_costs.App}', contextInitializerClasses = '[]', activeProfiles = '{test}', propertySourceLocations = '{}', propertySourceProperties = '{org.springframework.boot.test.context.SpringBootTestContextBootstrapper=true}', contextCustomizers = set[org.springframework.boot.test.autoconfigure.properties.PropertyMappingContextCustomizer@e7e8512, org.springframework.boot.test.autoconfigure.web.servlet.WebDriverContextCustomizerFactory$Customizer@4bdd454d, [ImportsContextCustomizer@27808c94 key = [org.springframework.boot.test.autoconfigure.web.servlet.MockMvcAutoConfiguration, org.springframework.boot.test.autoconfigure.web.servlet.MockMvcSecurityAutoConfiguration, org.springframework.boot.test.autoconfigure.web.servlet.MockMvcWebClientAutoConfiguration, org.springframework.boot.test.autoconfigure.web.servlet.MockMvcWebDriverAutoConfiguration]], org.springframework.boot.test.context.SpringBootTestContextCustomizer@35937b42, org.springframework.boot.test.context.filter.ExcludeFilterContextCustomizer@67ed828b, org.springframework.boot.test.json.DuplicateJsonObjectContextCustomizerFactory$DuplicateJsonObjectContextCustomizer@2fec3064, org.springframework.boot.test.mock.mockito.MockitoContextCustomizer@28f9a820], resourceBasePath = 'src/main/webapp', contextLoader = 'org.springframework.boot.test.context.SpringBootContextLoader', parent = [null]]]; transaction manager [org.springframework.orm.jpa.JpaTransactionManager@46a5923f]; rollback [true]
2017-11-25 15:27:24.138  INFO 17985 --- [    Test worker] o.s.b.t.m.w.SpringBootMockServletContext : Initializing Spring FrameworkServlet ''
2017-11-25 15:27:24.138  INFO 17985 --- [    Test worker] o.s.t.web.servlet.TestDispatcherServlet  : FrameworkServlet '': initialization started
2017-11-25 15:27:24.143  INFO 17985 --- [    Test worker] o.s.t.web.servlet.TestDispatcherServlet  : FrameworkServlet '': initialization completed in 5 ms
2017-11-25 15:27:24.178 DEBUG 17985 --- [    Test worker] s.w.s.m.m.a.RequestMappingHandlerMapping : Looking up handler method for path /auth/signup
2017-11-25 15:27:24.180 DEBUG 17985 --- [    Test worker] s.w.s.m.m.a.RequestMappingHandlerMapping : Returning handler method [public void com.boot.cut_costs.controller.AuthenticationController.create(com.boot.cut_costs.dto.UserDetailsDto,javax.servlet.http.HttpServletResponse,org.springframework.validation.BindingResult)]
2017-11-25 15:27:24.223 DEBUG 17985 --- [    Test worker] m.m.a.RequestResponseBodyMethodProcessor : Read [class com.boot.cut_costs.dto.UserDetailsDto] as "application/json" with [org.springframework.http.converter.json.MappingJackson2HttpMessageConverter@5706db5a]
2017-11-25 15:27:24.273  INFO 17985 --- [    Test worker] o.h.h.i.QueryTranslatorFactoryInitiator  : HHH000397: Using ASTQueryTranslatorFactory
2017-11-25 15:27:24.388 DEBUG 17985 --- [    Test worker] org.hibernate.SQL                        : select customuser0_.id as col_0_0_ from user_details customuser0_ where customuser0_.username=? limit ?
Hibernate: select customuser0_.id as col_0_0_ from user_details customuser0_ where customuser0_.username=? limit ?
2017-11-25 15:27:24.400 TRACE 17985 --- [    Test worker] o.h.type.descriptor.sql.BasicBinder      : binding parameter [1] as [VARCHAR] - [testimda2@test.com]
2017-11-25 15:27:24.544 DEBUG 17985 --- [    Test worker] org.hibernate.SQL                        : insert into user (id, description, image_id, name) values (null, ?, ?, ?)
Hibernate: insert into user (id, description, image_id, name) values (null, ?, ?, ?)
2017-11-25 15:27:24.545 TRACE 17985 --- [    Test worker] o.h.type.descriptor.sql.BasicBinder      : binding parameter [1] as [VARCHAR] - [null]
2017-11-25 15:27:24.546 TRACE 17985 --- [    Test worker] o.h.type.descriptor.sql.BasicBinder      : binding parameter [2] as [VARCHAR] - [null]
2017-11-25 15:27:24.546 TRACE 17985 --- [    Test worker] o.h.type.descriptor.sql.BasicBinder      : binding parameter [3] as [VARCHAR] - [ystj0cf7zh]
2017-11-25 15:27:24.558 DEBUG 17985 --- [    Test worker] org.hibernate.SQL                        : insert into user_details (id, password, user_id, username) values (null, ?, ?, ?)
Hibernate: insert into user_details (id, password, user_id, username) values (null, ?, ?, ?)
2017-11-25 15:27:24.559 TRACE 17985 --- [    Test worker] o.h.type.descriptor.sql.BasicBinder      : binding parameter [1] as [VARCHAR] - [$2a$10$BFD7BJazxbu.C624/vEBdO5AFTd21sG8KxIE.6a7wYq2JfmwP8bBC]
2017-11-25 15:27:24.560 TRACE 17985 --- [    Test worker] o.h.type.descriptor.sql.BasicBinder      : binding parameter [2] as [BIGINT] - [1]
2017-11-25 15:27:24.560 TRACE 17985 --- [    Test worker] o.h.type.descriptor.sql.BasicBinder      : binding parameter [3] as [VARCHAR] - [testimda2@test.com]
2017-11-25 15:27:24.561 DEBUG 17985 --- [    Test worker] org.hibernate.SQL                        : insert into role (id, role) values (null, ?)
Hibernate: insert into role (id, role) values (null, ?)
2017-11-25 15:27:24.562 TRACE 17985 --- [    Test worker] o.h.type.descriptor.sql.BasicBinder      : binding parameter [1] as [VARCHAR] - [ROLE_USER]
2017-11-25 15:27:24.729 DEBUG 17985 --- [    Test worker] org.hibernate.SQL                        : select user0_.id as id1_8_, user0_.description as descript2_8_, user0_.image_id as image_id3_8_, user0_.name as name4_8_ from user user0_
Hibernate: select user0_.id as id1_8_, user0_.description as descript2_8_, user0_.image_id as image_id3_8_, user0_.name as name4_8_ from user user0_
2017-11-25 15:27:24.732 TRACE 17985 --- [    Test worker] o.h.type.descriptor.sql.BasicExtractor   : extracted value ([id1_8_] : [BIGINT]) - [1]
2017-11-25 15:27:24.744 DEBUG 17985 --- [    Test worker] org.hibernate.SQL                        : select customuser0_.id as id1_12_, customuser0_.password as password2_12_, customuser0_.user_id as user_id4_12_, customuser0_.username as username3_12_ from user_details customuser0_
Hibernate: select customuser0_.id as id1_12_, customuser0_.password as password2_12_, customuser0_.user_id as user_id4_12_, customuser0_.username as username3_12_ from user_details customuser0_
2017-11-25 15:27:24.745 TRACE 17985 --- [    Test worker] o.h.type.descriptor.sql.BasicExtractor   : extracted value ([id1_12_] : [BIGINT]) - [1]
2017-11-25 15:27:24.759  INFO 17985 --- [    Test worker] o.s.t.c.transaction.TransactionContext   : Rolled back transaction for test context [DefaultTestContext@2cf93471 testClass = AuthenticationControllerTest, testInstance = com.boot.cut_costs.controller.AuthenticationControllerTest@3942bf70, testMethod = testCreate@AuthenticationControllerTest, testException = [null], mergedContextConfiguration = [WebMergedContextConfiguration@4681d5fd testClass = AuthenticationControllerTest, locations = '{}', classes = '{class com.boot.cut_costs.App}', contextInitializerClasses = '[]', activeProfiles = '{test}', propertySourceLocations = '{}', propertySourceProperties = '{org.springframework.boot.test.context.SpringBootTestContextBootstrapper=true}', contextCustomizers = set[org.springframework.boot.test.autoconfigure.properties.PropertyMappingContextCustomizer@e7e8512, org.springframework.boot.test.autoconfigure.web.servlet.WebDriverContextCustomizerFactory$Customizer@4bdd454d, [ImportsContextCustomizer@27808c94 key = [org.springframework.boot.test.autoconfigure.web.servlet.MockMvcAutoConfiguration, org.springframework.boot.test.autoconfigure.web.servlet.MockMvcSecurityAutoConfiguration, org.springframework.boot.test.autoconfigure.web.servlet.MockMvcWebClientAutoConfiguration, org.springframework.boot.test.autoconfigure.web.servlet.MockMvcWebDriverAutoConfiguration]], org.springframework.boot.test.context.SpringBootTestContextCustomizer@35937b42, org.springframework.boot.test.context.filter.ExcludeFilterContextCustomizer@67ed828b, org.springframework.boot.test.json.DuplicateJsonObjectContextCustomizerFactory$DuplicateJsonObjectContextCustomizer@2fec3064, org.springframework.boot.test.mock.mockito.MockitoContextCustomizer@28f9a820], resourceBasePath = 'src/main/webapp', contextLoader = 'org.springframework.boot.test.context.SpringBootContextLoader', parent = [null]]].
]]></system-out>
  <system-err><![CDATA[]]></system-err>
</testsuite>
